<?xml version="1.0" encoding="UTF-8"?>
<testsuite name="com.adm.product.infrastructure.product.ProductMySQLGatewayTest" tests="11" skipped="0" failures="0" errors="0" timestamp="2025-07-09T18:28:42" hostname="LAPTOP-DFF0LMSS" time="1.483">
  <properties/>
  <testcase name="givenEmptyProductsTable_whenCallsFindAll_shouldReturnEmptyPage()" classname="com.adm.product.infrastructure.product.ProductMySQLGatewayTest" time="0.748"/>
  <testcase name="givenPrePersistedProductsAndAceAsTerms_whenCallsFindAllAndMatchsProductBrand_shouldReturnPaginated()" classname="com.adm.product.infrastructure.product.ProductMySQLGatewayTest" time="0.181"/>
  <testcase name="givenAValidProduct_whenCallsCreate_shouldReturnANewProduct()" classname="com.adm.product.infrastructure.product.ProductMySQLGatewayTest" time="0.071"/>
  <testcase name="testInjectedDependencies()" classname="com.adm.product.infrastructure.product.ProductMySQLGatewayTest" time="0.022"/>
  <testcase name="givenPrePersistedProducts_whenCallsFindAll_shouldReturnPaginated()" classname="com.adm.product.infrastructure.product.ProductMySQLGatewayTest" time="0.069"/>
  <testcase name="givenAValidProductIdNotStored_whenCallsFindById_shouldReturnEmpty()" classname="com.adm.product.infrastructure.product.ProductMySQLGatewayTest" time="0.049"/>
  <testcase name="givenFollowPagination_whenCallsFindAllWithPage1_shouldReturnPaginated()" classname="com.adm.product.infrastructure.product.ProductMySQLGatewayTest" time="0.104"/>
  <testcase name="givenPrePersistedProductsAndIphAsTerms_whenCallsFindAllAndMatchsProductName_shouldReturnPaginated()" classname="com.adm.product.infrastructure.product.ProductMySQLGatewayTest" time="0.064"/>
  <testcase name="givenAPrePersistedProductAndValidProductId_whenCallsFindById_shouldReturnProduct()" classname="com.adm.product.infrastructure.product.ProductMySQLGatewayTest" time="0.048"/>
  <testcase name="givenAInvalidProductId_whenTryToDeleteIt_shouldDeleteProduct()" classname="com.adm.product.infrastructure.product.ProductMySQLGatewayTest" time="0.039"/>
  <testcase name="givenAPrePersistedProductAndValidProductId_whenTryToDeleteIt_shouldDeleteProduct()" classname="com.adm.product.infrastructure.product.ProductMySQLGatewayTest" time="0.054"/>
  <system-out><![CDATA[14:28:33.178 [Test worker] DEBUG org.springframework.test.context.BootstrapUtils - Instantiating CacheAwareContextLoaderDelegate from class [org.springframework.test.context.cache.DefaultCacheAwareContextLoaderDelegate]
14:28:33.202 [Test worker] DEBUG org.springframework.test.context.BootstrapUtils - Instantiating BootstrapContext using constructor [public org.springframework.test.context.support.DefaultBootstrapContext(java.lang.Class,org.springframework.test.context.CacheAwareContextLoaderDelegate)]
14:28:33.350 [Test worker] DEBUG org.springframework.test.context.BootstrapUtils - Instantiating TestContextBootstrapper for test class [com.adm.product.infrastructure.product.ProductMySQLGatewayTest] from class [org.springframework.boot.test.autoconfigure.orm.jpa.DataJpaTestContextBootstrapper]
14:28:33.391 [Test worker] INFO org.springframework.boot.test.autoconfigure.orm.jpa.DataJpaTestContextBootstrapper - Neither @ContextConfiguration nor @ContextHierarchy found for test class [com.adm.product.infrastructure.product.ProductMySQLGatewayTest], using SpringBootContextLoader
14:28:33.404 [Test worker] DEBUG org.springframework.test.context.support.AbstractContextLoader - Did not detect default resource location for test class [com.adm.product.infrastructure.product.ProductMySQLGatewayTest]: class path resource [com/adm/product/infrastructure/product/ProductMySQLGatewayTest-context.xml] does not exist
14:28:33.407 [Test worker] DEBUG org.springframework.test.context.support.AbstractContextLoader - Did not detect default resource location for test class [com.adm.product.infrastructure.product.ProductMySQLGatewayTest]: class path resource [com/adm/product/infrastructure/product/ProductMySQLGatewayTestContext.groovy] does not exist
14:28:33.407 [Test worker] INFO org.springframework.test.context.support.AbstractContextLoader - Could not detect default resource locations for test class [com.adm.product.infrastructure.product.ProductMySQLGatewayTest]: no resource found for suffixes {-context.xml, Context.groovy}.
14:28:33.409 [Test worker] INFO org.springframework.test.context.support.AnnotationConfigContextLoaderUtils - Could not detect default configuration classes for test class [com.adm.product.infrastructure.product.ProductMySQLGatewayTest]: ProductMySQLGatewayTest does not declare any static, non-private, non-final, nested classes annotated with @Configuration.
14:28:33.728 [Test worker] DEBUG org.springframework.context.annotation.ClassPathScanningCandidateComponentProvider - Identified candidate component class: file [/home/frankwillians/admin-de-product/infrastructure/build/classes/java/main/com/adm/product/infrastructure/Main.class]
14:28:33.731 [Test worker] INFO org.springframework.boot.test.context.SpringBootTestContextBootstrapper - Found @SpringBootConfiguration com.adm.product.infrastructure.Main for test class com.adm.product.infrastructure.product.ProductMySQLGatewayTest
14:28:33.743 [Test worker] DEBUG org.springframework.boot.test.autoconfigure.orm.jpa.DataJpaTestContextBootstrapper - @TestExecutionListeners is not present for class [com.adm.product.infrastructure.product.ProductMySQLGatewayTest]: using defaults.
14:28:33.745 [Test worker] INFO org.springframework.boot.test.autoconfigure.orm.jpa.DataJpaTestContextBootstrapper - Loaded default TestExecutionListener class names from location [META-INF/spring.factories]: [org.springframework.boot.test.autoconfigure.restdocs.RestDocsTestExecutionListener, org.springframework.boot.test.autoconfigure.web.client.MockRestServiceServerResetTestExecutionListener, org.springframework.boot.test.autoconfigure.web.servlet.MockMvcPrintOnlyOnFailureTestExecutionListener, org.springframework.boot.test.autoconfigure.web.servlet.WebDriverTestExecutionListener, org.springframework.boot.test.autoconfigure.webservices.client.MockWebServiceServerTestExecutionListener, org.springframework.boot.test.mock.mockito.MockitoTestExecutionListener, org.springframework.boot.test.mock.mockito.ResetMocksTestExecutionListener, org.springframework.test.context.web.ServletTestExecutionListener, org.springframework.test.context.support.DirtiesContextBeforeModesTestExecutionListener, org.springframework.test.context.event.ApplicationEventsTestExecutionListener, org.springframework.test.context.support.DependencyInjectionTestExecutionListener, org.springframework.test.context.support.DirtiesContextTestExecutionListener, org.springframework.test.context.transaction.TransactionalTestExecutionListener, org.springframework.test.context.jdbc.SqlScriptsTestExecutionListener, org.springframework.test.context.event.EventPublishingTestExecutionListener]
14:28:33.776 [Test worker] INFO org.springframework.boot.test.autoconfigure.orm.jpa.DataJpaTestContextBootstrapper - Using TestExecutionListeners: [org.springframework.test.context.web.ServletTestExecutionListener@5b1f29fa, org.springframework.test.context.support.DirtiesContextBeforeModesTestExecutionListener@aeab9a1, org.springframework.test.context.event.ApplicationEventsTestExecutionListener@40f70521, org.springframework.boot.test.mock.mockito.MockitoTestExecutionListener@774698ab, org.springframework.boot.test.autoconfigure.SpringBootDependencyInjectionTestExecutionListener@55342f40, org.springframework.test.context.support.DirtiesContextTestExecutionListener@a4ca3f6, org.springframework.test.context.transaction.TransactionalTestExecutionListener@72ea6193, org.springframework.test.context.jdbc.SqlScriptsTestExecutionListener@31aa3ca5, org.springframework.test.context.event.EventPublishingTestExecutionListener@45905bff, org.springframework.boot.test.autoconfigure.restdocs.RestDocsTestExecutionListener@2a2c13a8, org.springframework.boot.test.autoconfigure.web.client.MockRestServiceServerResetTestExecutionListener@b6b1987, org.springframework.boot.test.autoconfigure.web.servlet.MockMvcPrintOnlyOnFailureTestExecutionListener@6b44435b, org.springframework.boot.test.autoconfigure.web.servlet.WebDriverTestExecutionListener@2ccca26f, org.springframework.boot.test.autoconfigure.webservices.client.MockWebServiceServerTestExecutionListener@66b7550d, org.springframework.boot.test.mock.mockito.ResetMocksTestExecutionListener@3543df7d]
14:28:33.788 [Test worker] DEBUG org.springframework.test.context.support.AbstractDirtiesContextTestExecutionListener - Before test class: context [DefaultTestContext@57459491 testClass = ProductMySQLGatewayTest, testInstance = [null], testMethod = [null], testException = [null], mergedContextConfiguration = [MergedContextConfiguration@3f0846c6 testClass = ProductMySQLGatewayTest, locations = '{}', classes = '{class com.adm.product.infrastructure.Main}', contextInitializerClasses = '[]', activeProfiles = '{test}', propertySourceLocations = '{}', propertySourceProperties = '{org.springframework.boot.test.autoconfigure.orm.jpa.DataJpaTestContextBootstrapper=true}', contextCustomizers = set[org.springframework.boot.test.autoconfigure.OverrideAutoConfigurationContextCustomizerFactory$DisableAutoConfigurationContextCustomizer@3549bca9, org.springframework.boot.test.autoconfigure.actuate.metrics.MetricsExportContextCustomizerFactory$DisableMetricExportContextCustomizer@74bada02, org.springframework.boot.test.autoconfigure.filter.TypeExcludeFiltersContextCustomizer@351584c0, org.springframework.boot.test.autoconfigure.properties.PropertyMappingContextCustomizer@e4f47248, org.springframework.boot.test.autoconfigure.web.servlet.WebDriverContextCustomizerFactory$Customizer@2e2ff723, [ImportsContextCustomizer@77a98a6a key = [org.springframework.boot.autoconfigure.cache.CacheAutoConfiguration, org.springframework.boot.autoconfigure.data.jpa.JpaRepositoriesAutoConfiguration, org.springframework.boot.autoconfigure.flyway.FlywayAutoConfiguration, org.springframework.boot.autoconfigure.jdbc.DataSourceAutoConfiguration, org.springframework.boot.autoconfigure.jdbc.DataSourceTransactionManagerAutoConfiguration, org.springframework.boot.autoconfigure.jdbc.JdbcTemplateAutoConfiguration, org.springframework.boot.autoconfigure.liquibase.LiquibaseAutoConfiguration, org.springframework.boot.autoconfigure.orm.jpa.HibernateJpaAutoConfiguration, org.springframework.boot.autoconfigure.sql.init.SqlInitializationAutoConfiguration, org.springframework.boot.autoconfigure.transaction.TransactionAutoConfiguration, org.springframework.boot.test.autoconfigure.jdbc.TestDatabaseAutoConfiguration, org.springframework.boot.test.autoconfigure.orm.jpa.TestEntityManagerAutoConfiguration]], org.springframework.boot.test.context.filter.ExcludeFilterContextCustomizer@6179e425, org.springframework.boot.test.json.DuplicateJsonObjectContextCustomizerFactory$DuplicateJsonObjectContextCustomizer@67304a40, org.springframework.boot.test.mock.mockito.MockitoContextCustomizer@0, org.springframework.boot.test.context.SpringBootTestArgs@1, org.springframework.boot.test.context.SpringBootTestWebEnvironment@0], contextLoader = 'org.springframework.boot.test.context.SpringBootContextLoader', parent = [null]], attributes = map[[empty]]], class annotated with @DirtiesContext [false] with mode [null].
14:28:33.824 [Test worker] DEBUG org.springframework.test.context.support.DependencyInjectionTestExecutionListener - Performing dependency injection for test context [[DefaultTestContext@57459491 testClass = ProductMySQLGatewayTest, testInstance = com.adm.product.infrastructure.product.ProductMySQLGatewayTest@674658f7, testMethod = [null], testException = [null], mergedContextConfiguration = [MergedContextConfiguration@3f0846c6 testClass = ProductMySQLGatewayTest, locations = '{}', classes = '{class com.adm.product.infrastructure.Main}', contextInitializerClasses = '[]', activeProfiles = '{test}', propertySourceLocations = '{}', propertySourceProperties = '{org.springframework.boot.test.autoconfigure.orm.jpa.DataJpaTestContextBootstrapper=true}', contextCustomizers = set[org.springframework.boot.test.autoconfigure.OverrideAutoConfigurationContextCustomizerFactory$DisableAutoConfigurationContextCustomizer@3549bca9, org.springframework.boot.test.autoconfigure.actuate.metrics.MetricsExportContextCustomizerFactory$DisableMetricExportContextCustomizer@74bada02, org.springframework.boot.test.autoconfigure.filter.TypeExcludeFiltersContextCustomizer@351584c0, org.springframework.boot.test.autoconfigure.properties.PropertyMappingContextCustomizer@e4f47248, org.springframework.boot.test.autoconfigure.web.servlet.WebDriverContextCustomizerFactory$Customizer@2e2ff723, [ImportsContextCustomizer@77a98a6a key = [org.springframework.boot.autoconfigure.cache.CacheAutoConfiguration, org.springframework.boot.autoconfigure.data.jpa.JpaRepositoriesAutoConfiguration, org.springframework.boot.autoconfigure.flyway.FlywayAutoConfiguration, org.springframework.boot.autoconfigure.jdbc.DataSourceAutoConfiguration, org.springframework.boot.autoconfigure.jdbc.DataSourceTransactionManagerAutoConfiguration, org.springframework.boot.autoconfigure.jdbc.JdbcTemplateAutoConfiguration, org.springframework.boot.autoconfigure.liquibase.LiquibaseAutoConfiguration, org.springframework.boot.autoconfigure.orm.jpa.HibernateJpaAutoConfiguration, org.springframework.boot.autoconfigure.sql.init.SqlInitializationAutoConfiguration, org.springframework.boot.autoconfigure.transaction.TransactionAutoConfiguration, org.springframework.boot.test.autoconfigure.jdbc.TestDatabaseAutoConfiguration, org.springframework.boot.test.autoconfigure.orm.jpa.TestEntityManagerAutoConfiguration]], org.springframework.boot.test.context.filter.ExcludeFilterContextCustomizer@6179e425, org.springframework.boot.test.json.DuplicateJsonObjectContextCustomizerFactory$DuplicateJsonObjectContextCustomizer@67304a40, org.springframework.boot.test.mock.mockito.MockitoContextCustomizer@0, org.springframework.boot.test.context.SpringBootTestArgs@1, org.springframework.boot.test.context.SpringBootTestWebEnvironment@0], contextLoader = 'org.springframework.boot.test.context.SpringBootContextLoader', parent = [null]], attributes = map['org.springframework.test.context.event.ApplicationEventsTestExecutionListener.recordApplicationEvents' -> false]]].

  .   ____          _            __ _ _
 /\\ / ___'_ __ _ _(_)_ __  __ _ \ \ \ \
( ( )\___ | '_ | '_| | '_ \/ _` | \ \ \ \
 \\/  ___)| |_)| | | | | || (_| |  ) ) ) )
  '  |____| .__|_| |_|_| |_\__, | / / / /
 =========|_|==============|___/=/_/_/_/
 :: Spring Boot ::                (v2.6.7)

2025-07-09 14:28:35.182  INFO 99936 --- [    Test worker] c.a.p.i.product.ProductMySQLGatewayTest  : Starting ProductMySQLGatewayTest using Java 17.0.2 on LAPTOP-DFF0LMSS with PID 99936 (started by frankwillians in /home/frankwillians/admin-de-product/infrastructure)
2025-07-09 14:28:35.195  INFO 99936 --- [    Test worker] c.a.p.i.product.ProductMySQLGatewayTest  : The following 1 profile is active: "test"
2025-07-09 14:28:36.614  INFO 99936 --- [    Test worker] .s.d.r.c.RepositoryConfigurationDelegate : Bootstrapping Spring Data JPA repositories in DEFAULT mode.
2025-07-09 14:28:36.759  INFO 99936 --- [    Test worker] .s.d.r.c.RepositoryConfigurationDelegate : Finished Spring Data repository scanning in 122 ms. Found 1 JPA repository interfaces.
2025-07-09 14:28:36.978  INFO 99936 --- [    Test worker] beddedDataSourceBeanFactoryPostProcessor : Replacing 'dataSource' DataSource bean with embedded version
2025-07-09 14:28:37.745  INFO 99936 --- [    Test worker] o.s.j.d.e.EmbeddedDatabaseFactory        : Starting embedded database: url='jdbc:h2:mem:e6c3b9c1-4995-40d9-ad66-f4d623698522;DB_CLOSE_DELAY=-1;DB_CLOSE_ON_EXIT=false', username='sa'
2025-07-09 14:28:38.317  INFO 99936 --- [    Test worker] o.f.c.internal.license.VersionPrinter    : Flyway Community Edition 8.0.5 by Redgate
2025-07-09 14:28:38.318  INFO 99936 --- [    Test worker] o.f.c.i.database.base.BaseDatabaseType   : Database: jdbc:h2:mem:e6c3b9c1-4995-40d9-ad66-f4d623698522 (H2 1.4)
2025-07-09 14:28:38.504  INFO 99936 --- [    Test worker] o.f.core.internal.command.DbValidate     : Successfully validated 1 migration (execution time 00:00.074s)
2025-07-09 14:28:38.540  INFO 99936 --- [    Test worker] o.f.c.i.s.JdbcTableSchemaHistory         : Creating Schema History table "PUBLIC"."flyway_schema_history" ...
2025-07-09 14:28:38.677  INFO 99936 --- [    Test worker] o.f.core.internal.command.DbMigrate      : Current version of schema "PUBLIC": << Empty Schema >>
2025-07-09 14:28:38.690  INFO 99936 --- [    Test worker] o.f.core.internal.command.DbMigrate      : Migrating schema "PUBLIC" to version "1 - initial"
2025-07-09 14:28:38.765  INFO 99936 --- [    Test worker] o.f.core.internal.command.DbMigrate      : Successfully applied 1 migration to schema "PUBLIC", now at version v1 (execution time 00:00.115s)
2025-07-09 14:28:39.083  INFO 99936 --- [    Test worker] o.hibernate.jpa.internal.util.LogHelper  : HHH000204: Processing PersistenceUnitInfo [name: default]
2025-07-09 14:28:39.179  INFO 99936 --- [    Test worker] org.hibernate.Version                    : HHH000412: Hibernate ORM core version 5.6.8.Final
2025-07-09 14:28:39.537  INFO 99936 --- [    Test worker] o.hibernate.annotations.common.Version   : HCANN000001: Hibernate Commons Annotations {5.1.2.Final}
2025-07-09 14:28:39.796  INFO 99936 --- [    Test worker] org.hibernate.dialect.Dialect            : HHH000400: Using dialect: org.hibernate.dialect.MySQL5InnoDBDialect
2025-07-09 14:28:40.916  INFO 99936 --- [    Test worker] o.h.e.t.j.p.i.JtaPlatformInitiator       : HHH000490: Using JtaPlatform implementation: [org.hibernate.engine.transaction.jta.platform.internal.NoJtaPlatform]
2025-07-09 14:28:40.933  INFO 99936 --- [    Test worker] j.LocalContainerEntityManagerFactoryBean : Initialized JPA EntityManagerFactory for persistence unit 'default'
2025-07-09 14:28:41.423  INFO 99936 --- [    Test worker] i.StatisticalLoggingSessionEventListener : Session Metrics {
    0 nanoseconds spent acquiring 0 JDBC connections;
    0 nanoseconds spent releasing 0 JDBC connections;
    0 nanoseconds spent preparing 0 JDBC statements;
    0 nanoseconds spent executing 0 JDBC statements;
    0 nanoseconds spent executing 0 JDBC batches;
    0 nanoseconds spent performing 0 L2C puts;
    0 nanoseconds spent performing 0 L2C hits;
    0 nanoseconds spent performing 0 L2C misses;
    0 nanoseconds spent executing 0 flushes (flushing a total of 0 entities and 0 collections);
    0 nanoseconds spent executing 0 partial-flushes (flushing a total of 0 entities and 0 collections)
}
2025-07-09 14:28:41.427  INFO 99936 --- [    Test worker] i.StatisticalLoggingSessionEventListener : Session Metrics {
    0 nanoseconds spent acquiring 0 JDBC connections;
    0 nanoseconds spent releasing 0 JDBC connections;
    0 nanoseconds spent preparing 0 JDBC statements;
    0 nanoseconds spent executing 0 JDBC statements;
    0 nanoseconds spent executing 0 JDBC batches;
    0 nanoseconds spent performing 0 L2C puts;
    0 nanoseconds spent performing 0 L2C hits;
    0 nanoseconds spent performing 0 L2C misses;
    0 nanoseconds spent executing 0 flushes (flushing a total of 0 entities and 0 collections);
    0 nanoseconds spent executing 0 partial-flushes (flushing a total of 0 entities and 0 collections)
}
2025-07-09 14:28:41.579  INFO 99936 --- [    Test worker] i.StatisticalLoggingSessionEventListener : Session Metrics {
    0 nanoseconds spent acquiring 0 JDBC connections;
    0 nanoseconds spent releasing 0 JDBC connections;
    0 nanoseconds spent preparing 0 JDBC statements;
    0 nanoseconds spent executing 0 JDBC statements;
    0 nanoseconds spent executing 0 JDBC batches;
    0 nanoseconds spent performing 0 L2C puts;
    0 nanoseconds spent performing 0 L2C hits;
    0 nanoseconds spent performing 0 L2C misses;
    0 nanoseconds spent executing 0 flushes (flushing a total of 0 entities and 0 collections);
    0 nanoseconds spent executing 0 partial-flushes (flushing a total of 0 entities and 0 collections)
}
2025-07-09 14:28:42.088  INFO 99936 --- [    Test worker] c.a.p.i.product.ProductMySQLGatewayTest  : Started ProductMySQLGatewayTest in 8.18 seconds (JVM running for 11.005)
2025-07-09 14:28:42.161  INFO 99936 --- [    Test worker] o.s.t.c.transaction.TransactionContext   : Began transaction (1) for test context [DefaultTestContext@57459491 testClass = ProductMySQLGatewayTest, testInstance = com.adm.product.infrastructure.product.ProductMySQLGatewayTest@674658f7, testMethod = givenEmptyProductsTable_whenCallsFindAll_shouldReturnEmptyPage@ProductMySQLGatewayTest, testException = [null], mergedContextConfiguration = [MergedContextConfiguration@3f0846c6 testClass = ProductMySQLGatewayTest, locations = '{}', classes = '{class com.adm.product.infrastructure.Main}', contextInitializerClasses = '[]', activeProfiles = '{test}', propertySourceLocations = '{}', propertySourceProperties = '{org.springframework.boot.test.autoconfigure.orm.jpa.DataJpaTestContextBootstrapper=true}', contextCustomizers = set[org.springframework.boot.test.autoconfigure.OverrideAutoConfigurationContextCustomizerFactory$DisableAutoConfigurationContextCustomizer@3549bca9, org.springframework.boot.test.autoconfigure.actuate.metrics.MetricsExportContextCustomizerFactory$DisableMetricExportContextCustomizer@74bada02, org.springframework.boot.test.autoconfigure.filter.TypeExcludeFiltersContextCustomizer@351584c0, org.springframework.boot.test.autoconfigure.properties.PropertyMappingContextCustomizer@e4f47248, org.springframework.boot.test.autoconfigure.web.servlet.WebDriverContextCustomizerFactory$Customizer@2e2ff723, [ImportsContextCustomizer@77a98a6a key = [org.springframework.boot.autoconfigure.cache.CacheAutoConfiguration, org.springframework.boot.autoconfigure.data.jpa.JpaRepositoriesAutoConfiguration, org.springframework.boot.autoconfigure.flyway.FlywayAutoConfiguration, org.springframework.boot.autoconfigure.jdbc.DataSourceAutoConfiguration, org.springframework.boot.autoconfigure.jdbc.DataSourceTransactionManagerAutoConfiguration, org.springframework.boot.autoconfigure.jdbc.JdbcTemplateAutoConfiguration, org.springframework.boot.autoconfigure.liquibase.LiquibaseAutoConfiguration, org.springframework.boot.autoconfigure.orm.jpa.HibernateJpaAutoConfiguration, org.springframework.boot.autoconfigure.sql.init.SqlInitializationAutoConfiguration, org.springframework.boot.autoconfigure.transaction.TransactionAutoConfiguration, org.springframework.boot.test.autoconfigure.jdbc.TestDatabaseAutoConfiguration, org.springframework.boot.test.autoconfigure.orm.jpa.TestEntityManagerAutoConfiguration]], org.springframework.boot.test.context.filter.ExcludeFilterContextCustomizer@6179e425, org.springframework.boot.test.json.DuplicateJsonObjectContextCustomizerFactory$DuplicateJsonObjectContextCustomizer@67304a40, org.springframework.boot.test.mock.mockito.MockitoContextCustomizer@0, org.springframework.boot.test.context.SpringBootTestArgs@1, org.springframework.boot.test.context.SpringBootTestWebEnvironment@0], contextLoader = 'org.springframework.boot.test.context.SpringBootContextLoader', parent = [null]], attributes = map['org.springframework.test.context.event.ApplicationEventsTestExecutionListener.recordApplicationEvents' -> false]]; transaction manager [org.springframework.orm.jpa.JpaTransactionManager@45451333]; rollback [true]
Hibernate: select productjpa0_.id as id1_0_, productjpa0_.brand as brand2_0_, productjpa0_.description as descript3_0_, productjpa0_.name as name4_0_, productjpa0_.price as price5_0_ from product productjpa0_
Hibernate: select count(*) as col_0_0_ from product productjpa0_
Hibernate: select productjpa0_.id as id1_0_, productjpa0_.brand as brand2_0_, productjpa0_.description as descript3_0_, productjpa0_.name as name4_0_, productjpa0_.price as price5_0_ from product productjpa0_ order by productjpa0_.name asc limit ?
2025-07-09 14:28:42.848  INFO 99936 --- [    Test worker] i.StatisticalLoggingSessionEventListener : Session Metrics {
    1013601 nanoseconds spent acquiring 1 JDBC connections;
    0 nanoseconds spent releasing 0 JDBC connections;
    4119401 nanoseconds spent preparing 3 JDBC statements;
    1049400 nanoseconds spent executing 3 JDBC statements;
    0 nanoseconds spent executing 0 JDBC batches;
    0 nanoseconds spent performing 0 L2C puts;
    0 nanoseconds spent performing 0 L2C hits;
    0 nanoseconds spent performing 0 L2C misses;
    0 nanoseconds spent executing 0 flushes (flushing a total of 0 entities and 0 collections);
    73800 nanoseconds spent executing 3 partial-flushes (flushing a total of 0 entities and 0 collections)
}
2025-07-09 14:28:42.851  INFO 99936 --- [    Test worker] o.s.t.c.transaction.TransactionContext   : Rolled back transaction for test: [DefaultTestContext@57459491 testClass = ProductMySQLGatewayTest, testInstance = com.adm.product.infrastructure.product.ProductMySQLGatewayTest@674658f7, testMethod = givenEmptyProductsTable_whenCallsFindAll_shouldReturnEmptyPage@ProductMySQLGatewayTest, testException = [null], mergedContextConfiguration = [MergedContextConfiguration@3f0846c6 testClass = ProductMySQLGatewayTest, locations = '{}', classes = '{class com.adm.product.infrastructure.Main}', contextInitializerClasses = '[]', activeProfiles = '{test}', propertySourceLocations = '{}', propertySourceProperties = '{org.springframework.boot.test.autoconfigure.orm.jpa.DataJpaTestContextBootstrapper=true}', contextCustomizers = set[org.springframework.boot.test.autoconfigure.OverrideAutoConfigurationContextCustomizerFactory$DisableAutoConfigurationContextCustomizer@3549bca9, org.springframework.boot.test.autoconfigure.actuate.metrics.MetricsExportContextCustomizerFactory$DisableMetricExportContextCustomizer@74bada02, org.springframework.boot.test.autoconfigure.filter.TypeExcludeFiltersContextCustomizer@351584c0, org.springframework.boot.test.autoconfigure.properties.PropertyMappingContextCustomizer@e4f47248, org.springframework.boot.test.autoconfigure.web.servlet.WebDriverContextCustomizerFactory$Customizer@2e2ff723, [ImportsContextCustomizer@77a98a6a key = [org.springframework.boot.autoconfigure.cache.CacheAutoConfiguration, org.springframework.boot.autoconfigure.data.jpa.JpaRepositoriesAutoConfiguration, org.springframework.boot.autoconfigure.flyway.FlywayAutoConfiguration, org.springframework.boot.autoconfigure.jdbc.DataSourceAutoConfiguration, org.springframework.boot.autoconfigure.jdbc.DataSourceTransactionManagerAutoConfiguration, org.springframework.boot.autoconfigure.jdbc.JdbcTemplateAutoConfiguration, org.springframework.boot.autoconfigure.liquibase.LiquibaseAutoConfiguration, org.springframework.boot.autoconfigure.orm.jpa.HibernateJpaAutoConfiguration, org.springframework.boot.autoconfigure.sql.init.SqlInitializationAutoConfiguration, org.springframework.boot.autoconfigure.transaction.TransactionAutoConfiguration, org.springframework.boot.test.autoconfigure.jdbc.TestDatabaseAutoConfiguration, org.springframework.boot.test.autoconfigure.orm.jpa.TestEntityManagerAutoConfiguration]], org.springframework.boot.test.context.filter.ExcludeFilterContextCustomizer@6179e425, org.springframework.boot.test.json.DuplicateJsonObjectContextCustomizerFactory$DuplicateJsonObjectContextCustomizer@67304a40, org.springframework.boot.test.mock.mockito.MockitoContextCustomizer@0, org.springframework.boot.test.context.SpringBootTestArgs@1, org.springframework.boot.test.context.SpringBootTestWebEnvironment@0], contextLoader = 'org.springframework.boot.test.context.SpringBootContextLoader', parent = [null]], attributes = map['org.springframework.test.context.event.ApplicationEventsTestExecutionListener.recordApplicationEvents' -> false]]
2025-07-09 14:28:42.869  INFO 99936 --- [    Test worker] o.s.t.c.transaction.TransactionContext   : Began transaction (1) for test context [DefaultTestContext@57459491 testClass = ProductMySQLGatewayTest, testInstance = com.adm.product.infrastructure.product.ProductMySQLGatewayTest@5ca7619f, testMethod = givenPrePersistedProductsAndAceAsTerms_whenCallsFindAllAndMatchsProductBrand_shouldReturnPaginated@ProductMySQLGatewayTest, testException = [null], mergedContextConfiguration = [MergedContextConfiguration@3f0846c6 testClass = ProductMySQLGatewayTest, locations = '{}', classes = '{class com.adm.product.infrastructure.Main}', contextInitializerClasses = '[]', activeProfiles = '{test}', propertySourceLocations = '{}', propertySourceProperties = '{org.springframework.boot.test.autoconfigure.orm.jpa.DataJpaTestContextBootstrapper=true}', contextCustomizers = set[org.springframework.boot.test.autoconfigure.OverrideAutoConfigurationContextCustomizerFactory$DisableAutoConfigurationContextCustomizer@3549bca9, org.springframework.boot.test.autoconfigure.actuate.metrics.MetricsExportContextCustomizerFactory$DisableMetricExportContextCustomizer@74bada02, org.springframework.boot.test.autoconfigure.filter.TypeExcludeFiltersContextCustomizer@351584c0, org.springframework.boot.test.autoconfigure.properties.PropertyMappingContextCustomizer@e4f47248, org.springframework.boot.test.autoconfigure.web.servlet.WebDriverContextCustomizerFactory$Customizer@2e2ff723, [ImportsContextCustomizer@77a98a6a key = [org.springframework.boot.autoconfigure.cache.CacheAutoConfiguration, org.springframework.boot.autoconfigure.data.jpa.JpaRepositoriesAutoConfiguration, org.springframework.boot.autoconfigure.flyway.FlywayAutoConfiguration, org.springframework.boot.autoconfigure.jdbc.DataSourceAutoConfiguration, org.springframework.boot.autoconfigure.jdbc.DataSourceTransactionManagerAutoConfiguration, org.springframework.boot.autoconfigure.jdbc.JdbcTemplateAutoConfiguration, org.springframework.boot.autoconfigure.liquibase.LiquibaseAutoConfiguration, org.springframework.boot.autoconfigure.orm.jpa.HibernateJpaAutoConfiguration, org.springframework.boot.autoconfigure.sql.init.SqlInitializationAutoConfiguration, org.springframework.boot.autoconfigure.transaction.TransactionAutoConfiguration, org.springframework.boot.test.autoconfigure.jdbc.TestDatabaseAutoConfiguration, org.springframework.boot.test.autoconfigure.orm.jpa.TestEntityManagerAutoConfiguration]], org.springframework.boot.test.context.filter.ExcludeFilterContextCustomizer@6179e425, org.springframework.boot.test.json.DuplicateJsonObjectContextCustomizerFactory$DuplicateJsonObjectContextCustomizer@67304a40, org.springframework.boot.test.mock.mockito.MockitoContextCustomizer@0, org.springframework.boot.test.context.SpringBootTestArgs@1, org.springframework.boot.test.context.SpringBootTestWebEnvironment@0], contextLoader = 'org.springframework.boot.test.context.SpringBootContextLoader', parent = [null]], attributes = map['org.springframework.test.context.event.ApplicationEventsTestExecutionListener.recordApplicationEvents' -> false]]; transaction manager [org.springframework.orm.jpa.JpaTransactionManager@45451333]; rollback [true]
Hibernate: select productjpa0_.id as id1_0_, productjpa0_.brand as brand2_0_, productjpa0_.description as descript3_0_, productjpa0_.name as name4_0_, productjpa0_.price as price5_0_ from product productjpa0_
Hibernate: select count(*) as col_0_0_ from product productjpa0_
Hibernate: select productjpa0_.id as id1_0_0_, productjpa0_.brand as brand2_0_0_, productjpa0_.description as descript3_0_0_, productjpa0_.name as name4_0_0_, productjpa0_.price as price5_0_0_ from product productjpa0_ where productjpa0_.id=?
Hibernate: select productjpa0_.id as id1_0_0_, productjpa0_.brand as brand2_0_0_, productjpa0_.description as descript3_0_0_, productjpa0_.name as name4_0_0_, productjpa0_.price as price5_0_0_ from product productjpa0_ where productjpa0_.id=?
Hibernate: select productjpa0_.id as id1_0_0_, productjpa0_.brand as brand2_0_0_, productjpa0_.description as descript3_0_0_, productjpa0_.name as name4_0_0_, productjpa0_.price as price5_0_0_ from product productjpa0_ where productjpa0_.id=?
Hibernate: insert into product (brand, description, name, price, id) values (?, ?, ?, ?, ?)
Hibernate: insert into product (brand, description, name, price, id) values (?, ?, ?, ?, ?)
Hibernate: insert into product (brand, description, name, price, id) values (?, ?, ?, ?, ?)
Hibernate: select count(*) as col_0_0_ from product productjpa0_
Hibernate: select productjpa0_.id as id1_0_, productjpa0_.brand as brand2_0_, productjpa0_.description as descript3_0_, productjpa0_.name as name4_0_, productjpa0_.price as price5_0_ from product productjpa0_ where upper(productjpa0_.name) like ? or upper(productjpa0_.brand) like ? order by productjpa0_.name asc limit ?
Hibernate: select count(productjpa0_.id) as col_0_0_ from product productjpa0_ where upper(productjpa0_.name) like ? or upper(productjpa0_.brand) like ?
2025-07-09 14:28:43.043  INFO 99936 --- [    Test worker] i.StatisticalLoggingSessionEventListener : Session Metrics {
    910401 nanoseconds spent acquiring 1 JDBC connections;
    0 nanoseconds spent releasing 0 JDBC connections;
    4947701 nanoseconds spent preparing 11 JDBC statements;
    9341703 nanoseconds spent executing 11 JDBC statements;
    0 nanoseconds spent executing 0 JDBC batches;
    0 nanoseconds spent performing 0 L2C puts;
    0 nanoseconds spent performing 0 L2C hits;
    0 nanoseconds spent performing 0 L2C misses;
    0 nanoseconds spent executing 0 flushes (flushing a total of 0 entities and 0 collections);
    28363804 nanoseconds spent executing 5 partial-flushes (flushing a total of 9 entities and 9 collections)
}
2025-07-09 14:28:43.046  INFO 99936 --- [    Test worker] o.s.t.c.transaction.TransactionContext   : Rolled back transaction for test: [DefaultTestContext@57459491 testClass = ProductMySQLGatewayTest, testInstance = com.adm.product.infrastructure.product.ProductMySQLGatewayTest@5ca7619f, testMethod = givenPrePersistedProductsAndAceAsTerms_whenCallsFindAllAndMatchsProductBrand_shouldReturnPaginated@ProductMySQLGatewayTest, testException = [null], mergedContextConfiguration = [MergedContextConfiguration@3f0846c6 testClass = ProductMySQLGatewayTest, locations = '{}', classes = '{class com.adm.product.infrastructure.Main}', contextInitializerClasses = '[]', activeProfiles = '{test}', propertySourceLocations = '{}', propertySourceProperties = '{org.springframework.boot.test.autoconfigure.orm.jpa.DataJpaTestContextBootstrapper=true}', contextCustomizers = set[org.springframework.boot.test.autoconfigure.OverrideAutoConfigurationContextCustomizerFactory$DisableAutoConfigurationContextCustomizer@3549bca9, org.springframework.boot.test.autoconfigure.actuate.metrics.MetricsExportContextCustomizerFactory$DisableMetricExportContextCustomizer@74bada02, org.springframework.boot.test.autoconfigure.filter.TypeExcludeFiltersContextCustomizer@351584c0, org.springframework.boot.test.autoconfigure.properties.PropertyMappingContextCustomizer@e4f47248, org.springframework.boot.test.autoconfigure.web.servlet.WebDriverContextCustomizerFactory$Customizer@2e2ff723, [ImportsContextCustomizer@77a98a6a key = [org.springframework.boot.autoconfigure.cache.CacheAutoConfiguration, org.springframework.boot.autoconfigure.data.jpa.JpaRepositoriesAutoConfiguration, org.springframework.boot.autoconfigure.flyway.FlywayAutoConfiguration, org.springframework.boot.autoconfigure.jdbc.DataSourceAutoConfiguration, org.springframework.boot.autoconfigure.jdbc.DataSourceTransactionManagerAutoConfiguration, org.springframework.boot.autoconfigure.jdbc.JdbcTemplateAutoConfiguration, org.springframework.boot.autoconfigure.liquibase.LiquibaseAutoConfiguration, org.springframework.boot.autoconfigure.orm.jpa.HibernateJpaAutoConfiguration, org.springframework.boot.autoconfigure.sql.init.SqlInitializationAutoConfiguration, org.springframework.boot.autoconfigure.transaction.TransactionAutoConfiguration, org.springframework.boot.test.autoconfigure.jdbc.TestDatabaseAutoConfiguration, org.springframework.boot.test.autoconfigure.orm.jpa.TestEntityManagerAutoConfiguration]], org.springframework.boot.test.context.filter.ExcludeFilterContextCustomizer@6179e425, org.springframework.boot.test.json.DuplicateJsonObjectContextCustomizerFactory$DuplicateJsonObjectContextCustomizer@67304a40, org.springframework.boot.test.mock.mockito.MockitoContextCustomizer@0, org.springframework.boot.test.context.SpringBootTestArgs@1, org.springframework.boot.test.context.SpringBootTestWebEnvironment@0], contextLoader = 'org.springframework.boot.test.context.SpringBootContextLoader', parent = [null]], attributes = map['org.springframework.test.context.event.ApplicationEventsTestExecutionListener.recordApplicationEvents' -> false]]
2025-07-09 14:28:43.060  INFO 99936 --- [    Test worker] o.s.t.c.transaction.TransactionContext   : Began transaction (1) for test context [DefaultTestContext@57459491 testClass = ProductMySQLGatewayTest, testInstance = com.adm.product.infrastructure.product.ProductMySQLGatewayTest@219db855, testMethod = givenAValidProduct_whenCallsCreate_shouldReturnANewProduct@ProductMySQLGatewayTest, testException = [null], mergedContextConfiguration = [MergedContextConfiguration@3f0846c6 testClass = ProductMySQLGatewayTest, locations = '{}', classes = '{class com.adm.product.infrastructure.Main}', contextInitializerClasses = '[]', activeProfiles = '{test}', propertySourceLocations = '{}', propertySourceProperties = '{org.springframework.boot.test.autoconfigure.orm.jpa.DataJpaTestContextBootstrapper=true}', contextCustomizers = set[org.springframework.boot.test.autoconfigure.OverrideAutoConfigurationContextCustomizerFactory$DisableAutoConfigurationContextCustomizer@3549bca9, org.springframework.boot.test.autoconfigure.actuate.metrics.MetricsExportContextCustomizerFactory$DisableMetricExportContextCustomizer@74bada02, org.springframework.boot.test.autoconfigure.filter.TypeExcludeFiltersContextCustomizer@351584c0, org.springframework.boot.test.autoconfigure.properties.PropertyMappingContextCustomizer@e4f47248, org.springframework.boot.test.autoconfigure.web.servlet.WebDriverContextCustomizerFactory$Customizer@2e2ff723, [ImportsContextCustomizer@77a98a6a key = [org.springframework.boot.autoconfigure.cache.CacheAutoConfiguration, org.springframework.boot.autoconfigure.data.jpa.JpaRepositoriesAutoConfiguration, org.springframework.boot.autoconfigure.flyway.FlywayAutoConfiguration, org.springframework.boot.autoconfigure.jdbc.DataSourceAutoConfiguration, org.springframework.boot.autoconfigure.jdbc.DataSourceTransactionManagerAutoConfiguration, org.springframework.boot.autoconfigure.jdbc.JdbcTemplateAutoConfiguration, org.springframework.boot.autoconfigure.liquibase.LiquibaseAutoConfiguration, org.springframework.boot.autoconfigure.orm.jpa.HibernateJpaAutoConfiguration, org.springframework.boot.autoconfigure.sql.init.SqlInitializationAutoConfiguration, org.springframework.boot.autoconfigure.transaction.TransactionAutoConfiguration, org.springframework.boot.test.autoconfigure.jdbc.TestDatabaseAutoConfiguration, org.springframework.boot.test.autoconfigure.orm.jpa.TestEntityManagerAutoConfiguration]], org.springframework.boot.test.context.filter.ExcludeFilterContextCustomizer@6179e425, org.springframework.boot.test.json.DuplicateJsonObjectContextCustomizerFactory$DuplicateJsonObjectContextCustomizer@67304a40, org.springframework.boot.test.mock.mockito.MockitoContextCustomizer@0, org.springframework.boot.test.context.SpringBootTestArgs@1, org.springframework.boot.test.context.SpringBootTestWebEnvironment@0], contextLoader = 'org.springframework.boot.test.context.SpringBootContextLoader', parent = [null]], attributes = map['org.springframework.test.context.event.ApplicationEventsTestExecutionListener.recordApplicationEvents' -> false]]; transaction manager [org.springframework.orm.jpa.JpaTransactionManager@45451333]; rollback [true]
Hibernate: select productjpa0_.id as id1_0_, productjpa0_.brand as brand2_0_, productjpa0_.description as descript3_0_, productjpa0_.name as name4_0_, productjpa0_.price as price5_0_ from product productjpa0_
Hibernate: delete from product where id=?
Hibernate: delete from product where id=?
Hibernate: delete from product where id=?
Hibernate: select count(*) as col_0_0_ from product productjpa0_
Hibernate: select productjpa0_.id as id1_0_0_, productjpa0_.brand as brand2_0_0_, productjpa0_.description as descript3_0_0_, productjpa0_.name as name4_0_0_, productjpa0_.price as price5_0_0_ from product productjpa0_ where productjpa0_.id=?
Hibernate: insert into product (brand, description, name, price, id) values (?, ?, ?, ?, ?)
Hibernate: select count(*) as col_0_0_ from product productjpa0_
2025-07-09 14:28:43.122  INFO 99936 --- [    Test worker] i.StatisticalLoggingSessionEventListener : Session Metrics {
    1411800 nanoseconds spent acquiring 1 JDBC connections;
    0 nanoseconds spent releasing 0 JDBC connections;
    4183501 nanoseconds spent preparing 8 JDBC statements;
    6937100 nanoseconds spent executing 8 JDBC statements;
    0 nanoseconds spent executing 0 JDBC batches;
    0 nanoseconds spent performing 0 L2C puts;
    0 nanoseconds spent performing 0 L2C hits;
    0 nanoseconds spent performing 0 L2C misses;
    0 nanoseconds spent executing 0 flushes (flushing a total of 0 entities and 0 collections);
    13714602 nanoseconds spent executing 3 partial-flushes (flushing a total of 4 entities and 4 collections)
}
2025-07-09 14:28:43.124  INFO 99936 --- [    Test worker] o.s.t.c.transaction.TransactionContext   : Rolled back transaction for test: [DefaultTestContext@57459491 testClass = ProductMySQLGatewayTest, testInstance = com.adm.product.infrastructure.product.ProductMySQLGatewayTest@219db855, testMethod = givenAValidProduct_whenCallsCreate_shouldReturnANewProduct@ProductMySQLGatewayTest, testException = [null], mergedContextConfiguration = [MergedContextConfiguration@3f0846c6 testClass = ProductMySQLGatewayTest, locations = '{}', classes = '{class com.adm.product.infrastructure.Main}', contextInitializerClasses = '[]', activeProfiles = '{test}', propertySourceLocations = '{}', propertySourceProperties = '{org.springframework.boot.test.autoconfigure.orm.jpa.DataJpaTestContextBootstrapper=true}', contextCustomizers = set[org.springframework.boot.test.autoconfigure.OverrideAutoConfigurationContextCustomizerFactory$DisableAutoConfigurationContextCustomizer@3549bca9, org.springframework.boot.test.autoconfigure.actuate.metrics.MetricsExportContextCustomizerFactory$DisableMetricExportContextCustomizer@74bada02, org.springframework.boot.test.autoconfigure.filter.TypeExcludeFiltersContextCustomizer@351584c0, org.springframework.boot.test.autoconfigure.properties.PropertyMappingContextCustomizer@e4f47248, org.springframework.boot.test.autoconfigure.web.servlet.WebDriverContextCustomizerFactory$Customizer@2e2ff723, [ImportsContextCustomizer@77a98a6a key = [org.springframework.boot.autoconfigure.cache.CacheAutoConfiguration, org.springframework.boot.autoconfigure.data.jpa.JpaRepositoriesAutoConfiguration, org.springframework.boot.autoconfigure.flyway.FlywayAutoConfiguration, org.springframework.boot.autoconfigure.jdbc.DataSourceAutoConfiguration, org.springframework.boot.autoconfigure.jdbc.DataSourceTransactionManagerAutoConfiguration, org.springframework.boot.autoconfigure.jdbc.JdbcTemplateAutoConfiguration, org.springframework.boot.autoconfigure.liquibase.LiquibaseAutoConfiguration, org.springframework.boot.autoconfigure.orm.jpa.HibernateJpaAutoConfiguration, org.springframework.boot.autoconfigure.sql.init.SqlInitializationAutoConfiguration, org.springframework.boot.autoconfigure.transaction.TransactionAutoConfiguration, org.springframework.boot.test.autoconfigure.jdbc.TestDatabaseAutoConfiguration, org.springframework.boot.test.autoconfigure.orm.jpa.TestEntityManagerAutoConfiguration]], org.springframework.boot.test.context.filter.ExcludeFilterContextCustomizer@6179e425, org.springframework.boot.test.json.DuplicateJsonObjectContextCustomizerFactory$DuplicateJsonObjectContextCustomizer@67304a40, org.springframework.boot.test.mock.mockito.MockitoContextCustomizer@0, org.springframework.boot.test.context.SpringBootTestArgs@1, org.springframework.boot.test.context.SpringBootTestWebEnvironment@0], contextLoader = 'org.springframework.boot.test.context.SpringBootContextLoader', parent = [null]], attributes = map['org.springframework.test.context.event.ApplicationEventsTestExecutionListener.recordApplicationEvents' -> false]]
2025-07-09 14:28:43.131  INFO 99936 --- [    Test worker] o.s.t.c.transaction.TransactionContext   : Began transaction (1) for test context [DefaultTestContext@57459491 testClass = ProductMySQLGatewayTest, testInstance = com.adm.product.infrastructure.product.ProductMySQLGatewayTest@7698a3d9, testMethod = testInjectedDependencies@ProductMySQLGatewayTest, testException = [null], mergedContextConfiguration = [MergedContextConfiguration@3f0846c6 testClass = ProductMySQLGatewayTest, locations = '{}', classes = '{class com.adm.product.infrastructure.Main}', contextInitializerClasses = '[]', activeProfiles = '{test}', propertySourceLocations = '{}', propertySourceProperties = '{org.springframework.boot.test.autoconfigure.orm.jpa.DataJpaTestContextBootstrapper=true}', contextCustomizers = set[org.springframework.boot.test.autoconfigure.OverrideAutoConfigurationContextCustomizerFactory$DisableAutoConfigurationContextCustomizer@3549bca9, org.springframework.boot.test.autoconfigure.actuate.metrics.MetricsExportContextCustomizerFactory$DisableMetricExportContextCustomizer@74bada02, org.springframework.boot.test.autoconfigure.filter.TypeExcludeFiltersContextCustomizer@351584c0, org.springframework.boot.test.autoconfigure.properties.PropertyMappingContextCustomizer@e4f47248, org.springframework.boot.test.autoconfigure.web.servlet.WebDriverContextCustomizerFactory$Customizer@2e2ff723, [ImportsContextCustomizer@77a98a6a key = [org.springframework.boot.autoconfigure.cache.CacheAutoConfiguration, org.springframework.boot.autoconfigure.data.jpa.JpaRepositoriesAutoConfiguration, org.springframework.boot.autoconfigure.flyway.FlywayAutoConfiguration, org.springframework.boot.autoconfigure.jdbc.DataSourceAutoConfiguration, org.springframework.boot.autoconfigure.jdbc.DataSourceTransactionManagerAutoConfiguration, org.springframework.boot.autoconfigure.jdbc.JdbcTemplateAutoConfiguration, org.springframework.boot.autoconfigure.liquibase.LiquibaseAutoConfiguration, org.springframework.boot.autoconfigure.orm.jpa.HibernateJpaAutoConfiguration, org.springframework.boot.autoconfigure.sql.init.SqlInitializationAutoConfiguration, org.springframework.boot.autoconfigure.transaction.TransactionAutoConfiguration, org.springframework.boot.test.autoconfigure.jdbc.TestDatabaseAutoConfiguration, org.springframework.boot.test.autoconfigure.orm.jpa.TestEntityManagerAutoConfiguration]], org.springframework.boot.test.context.filter.ExcludeFilterContextCustomizer@6179e425, org.springframework.boot.test.json.DuplicateJsonObjectContextCustomizerFactory$DuplicateJsonObjectContextCustomizer@67304a40, org.springframework.boot.test.mock.mockito.MockitoContextCustomizer@0, org.springframework.boot.test.context.SpringBootTestArgs@1, org.springframework.boot.test.context.SpringBootTestWebEnvironment@0], contextLoader = 'org.springframework.boot.test.context.SpringBootContextLoader', parent = [null]], attributes = map['org.springframework.test.context.event.ApplicationEventsTestExecutionListener.recordApplicationEvents' -> false]]; transaction manager [org.springframework.orm.jpa.JpaTransactionManager@45451333]; rollback [true]
Hibernate: select productjpa0_.id as id1_0_, productjpa0_.brand as brand2_0_, productjpa0_.description as descript3_0_, productjpa0_.name as name4_0_, productjpa0_.price as price5_0_ from product productjpa0_
2025-07-09 14:28:43.145  INFO 99936 --- [    Test worker] i.StatisticalLoggingSessionEventListener : Session Metrics {
    1217801 nanoseconds spent acquiring 1 JDBC connections;
    0 nanoseconds spent releasing 0 JDBC connections;
    1538901 nanoseconds spent preparing 1 JDBC statements;
    399600 nanoseconds spent executing 1 JDBC statements;
    0 nanoseconds spent executing 0 JDBC batches;
    0 nanoseconds spent performing 0 L2C puts;
    0 nanoseconds spent performing 0 L2C hits;
    0 nanoseconds spent performing 0 L2C misses;
    0 nanoseconds spent executing 0 flushes (flushing a total of 0 entities and 0 collections);
    6600 nanoseconds spent executing 1 partial-flushes (flushing a total of 0 entities and 0 collections)
}
2025-07-09 14:28:43.147  INFO 99936 --- [    Test worker] o.s.t.c.transaction.TransactionContext   : Rolled back transaction for test: [DefaultTestContext@57459491 testClass = ProductMySQLGatewayTest, testInstance = com.adm.product.infrastructure.product.ProductMySQLGatewayTest@7698a3d9, testMethod = testInjectedDependencies@ProductMySQLGatewayTest, testException = [null], mergedContextConfiguration = [MergedContextConfiguration@3f0846c6 testClass = ProductMySQLGatewayTest, locations = '{}', classes = '{class com.adm.product.infrastructure.Main}', contextInitializerClasses = '[]', activeProfiles = '{test}', propertySourceLocations = '{}', propertySourceProperties = '{org.springframework.boot.test.autoconfigure.orm.jpa.DataJpaTestContextBootstrapper=true}', contextCustomizers = set[org.springframework.boot.test.autoconfigure.OverrideAutoConfigurationContextCustomizerFactory$DisableAutoConfigurationContextCustomizer@3549bca9, org.springframework.boot.test.autoconfigure.actuate.metrics.MetricsExportContextCustomizerFactory$DisableMetricExportContextCustomizer@74bada02, org.springframework.boot.test.autoconfigure.filter.TypeExcludeFiltersContextCustomizer@351584c0, org.springframework.boot.test.autoconfigure.properties.PropertyMappingContextCustomizer@e4f47248, org.springframework.boot.test.autoconfigure.web.servlet.WebDriverContextCustomizerFactory$Customizer@2e2ff723, [ImportsContextCustomizer@77a98a6a key = [org.springframework.boot.autoconfigure.cache.CacheAutoConfiguration, org.springframework.boot.autoconfigure.data.jpa.JpaRepositoriesAutoConfiguration, org.springframework.boot.autoconfigure.flyway.FlywayAutoConfiguration, org.springframework.boot.autoconfigure.jdbc.DataSourceAutoConfiguration, org.springframework.boot.autoconfigure.jdbc.DataSourceTransactionManagerAutoConfiguration, org.springframework.boot.autoconfigure.jdbc.JdbcTemplateAutoConfiguration, org.springframework.boot.autoconfigure.liquibase.LiquibaseAutoConfiguration, org.springframework.boot.autoconfigure.orm.jpa.HibernateJpaAutoConfiguration, org.springframework.boot.autoconfigure.sql.init.SqlInitializationAutoConfiguration, org.springframework.boot.autoconfigure.transaction.TransactionAutoConfiguration, org.springframework.boot.test.autoconfigure.jdbc.TestDatabaseAutoConfiguration, org.springframework.boot.test.autoconfigure.orm.jpa.TestEntityManagerAutoConfiguration]], org.springframework.boot.test.context.filter.ExcludeFilterContextCustomizer@6179e425, org.springframework.boot.test.json.DuplicateJsonObjectContextCustomizerFactory$DuplicateJsonObjectContextCustomizer@67304a40, org.springframework.boot.test.mock.mockito.MockitoContextCustomizer@0, org.springframework.boot.test.context.SpringBootTestArgs@1, org.springframework.boot.test.context.SpringBootTestWebEnvironment@0], contextLoader = 'org.springframework.boot.test.context.SpringBootContextLoader', parent = [null]], attributes = map['org.springframework.test.context.event.ApplicationEventsTestExecutionListener.recordApplicationEvents' -> false]]
2025-07-09 14:28:43.155  INFO 99936 --- [    Test worker] o.s.t.c.transaction.TransactionContext   : Began transaction (1) for test context [DefaultTestContext@57459491 testClass = ProductMySQLGatewayTest, testInstance = com.adm.product.infrastructure.product.ProductMySQLGatewayTest@237d0625, testMethod = givenPrePersistedProducts_whenCallsFindAll_shouldReturnPaginated@ProductMySQLGatewayTest, testException = [null], mergedContextConfiguration = [MergedContextConfiguration@3f0846c6 testClass = ProductMySQLGatewayTest, locations = '{}', classes = '{class com.adm.product.infrastructure.Main}', contextInitializerClasses = '[]', activeProfiles = '{test}', propertySourceLocations = '{}', propertySourceProperties = '{org.springframework.boot.test.autoconfigure.orm.jpa.DataJpaTestContextBootstrapper=true}', contextCustomizers = set[org.springframework.boot.test.autoconfigure.OverrideAutoConfigurationContextCustomizerFactory$DisableAutoConfigurationContextCustomizer@3549bca9, org.springframework.boot.test.autoconfigure.actuate.metrics.MetricsExportContextCustomizerFactory$DisableMetricExportContextCustomizer@74bada02, org.springframework.boot.test.autoconfigure.filter.TypeExcludeFiltersContextCustomizer@351584c0, org.springframework.boot.test.autoconfigure.properties.PropertyMappingContextCustomizer@e4f47248, org.springframework.boot.test.autoconfigure.web.servlet.WebDriverContextCustomizerFactory$Customizer@2e2ff723, [ImportsContextCustomizer@77a98a6a key = [org.springframework.boot.autoconfigure.cache.CacheAutoConfiguration, org.springframework.boot.autoconfigure.data.jpa.JpaRepositoriesAutoConfiguration, org.springframework.boot.autoconfigure.flyway.FlywayAutoConfiguration, org.springframework.boot.autoconfigure.jdbc.DataSourceAutoConfiguration, org.springframework.boot.autoconfigure.jdbc.DataSourceTransactionManagerAutoConfiguration, org.springframework.boot.autoconfigure.jdbc.JdbcTemplateAutoConfiguration, org.springframework.boot.autoconfigure.liquibase.LiquibaseAutoConfiguration, org.springframework.boot.autoconfigure.orm.jpa.HibernateJpaAutoConfiguration, org.springframework.boot.autoconfigure.sql.init.SqlInitializationAutoConfiguration, org.springframework.boot.autoconfigure.transaction.TransactionAutoConfiguration, org.springframework.boot.test.autoconfigure.jdbc.TestDatabaseAutoConfiguration, org.springframework.boot.test.autoconfigure.orm.jpa.TestEntityManagerAutoConfiguration]], org.springframework.boot.test.context.filter.ExcludeFilterContextCustomizer@6179e425, org.springframework.boot.test.json.DuplicateJsonObjectContextCustomizerFactory$DuplicateJsonObjectContextCustomizer@67304a40, org.springframework.boot.test.mock.mockito.MockitoContextCustomizer@0, org.springframework.boot.test.context.SpringBootTestArgs@1, org.springframework.boot.test.context.SpringBootTestWebEnvironment@0], contextLoader = 'org.springframework.boot.test.context.SpringBootContextLoader', parent = [null]], attributes = map['org.springframework.test.context.event.ApplicationEventsTestExecutionListener.recordApplicationEvents' -> false]]; transaction manager [org.springframework.orm.jpa.JpaTransactionManager@45451333]; rollback [true]
Hibernate: select productjpa0_.id as id1_0_, productjpa0_.brand as brand2_0_, productjpa0_.description as descript3_0_, productjpa0_.name as name4_0_, productjpa0_.price as price5_0_ from product productjpa0_
Hibernate: delete from product where id=?
Hibernate: select count(*) as col_0_0_ from product productjpa0_
Hibernate: select productjpa0_.id as id1_0_0_, productjpa0_.brand as brand2_0_0_, productjpa0_.description as descript3_0_0_, productjpa0_.name as name4_0_0_, productjpa0_.price as price5_0_0_ from product productjpa0_ where productjpa0_.id=?
Hibernate: select productjpa0_.id as id1_0_0_, productjpa0_.brand as brand2_0_0_, productjpa0_.description as descript3_0_0_, productjpa0_.name as name4_0_0_, productjpa0_.price as price5_0_0_ from product productjpa0_ where productjpa0_.id=?
Hibernate: select productjpa0_.id as id1_0_0_, productjpa0_.brand as brand2_0_0_, productjpa0_.description as descript3_0_0_, productjpa0_.name as name4_0_0_, productjpa0_.price as price5_0_0_ from product productjpa0_ where productjpa0_.id=?
Hibernate: insert into product (brand, description, name, price, id) values (?, ?, ?, ?, ?)
Hibernate: insert into product (brand, description, name, price, id) values (?, ?, ?, ?, ?)
Hibernate: insert into product (brand, description, name, price, id) values (?, ?, ?, ?, ?)
Hibernate: select count(*) as col_0_0_ from product productjpa0_
Hibernate: select productjpa0_.id as id1_0_, productjpa0_.brand as brand2_0_, productjpa0_.description as descript3_0_, productjpa0_.name as name4_0_, productjpa0_.price as price5_0_ from product productjpa0_ order by productjpa0_.name asc limit ?
Hibernate: select count(productjpa0_.id) as col_0_0_ from product productjpa0_
2025-07-09 14:28:43.216  INFO 99936 --- [    Test worker] i.StatisticalLoggingSessionEventListener : Session Metrics {
    2678101 nanoseconds spent acquiring 1 JDBC connections;
    0 nanoseconds spent releasing 0 JDBC connections;
    9126003 nanoseconds spent preparing 12 JDBC statements;
    7701301 nanoseconds spent executing 12 JDBC statements;
    0 nanoseconds spent executing 0 JDBC batches;
    0 nanoseconds spent performing 0 L2C puts;
    0 nanoseconds spent performing 0 L2C hits;
    0 nanoseconds spent performing 0 L2C misses;
    0 nanoseconds spent executing 0 flushes (flushing a total of 0 entities and 0 collections);
    13766003 nanoseconds spent executing 5 partial-flushes (flushing a total of 10 entities and 10 collections)
}
2025-07-09 14:28:43.218  INFO 99936 --- [    Test worker] o.s.t.c.transaction.TransactionContext   : Rolled back transaction for test: [DefaultTestContext@57459491 testClass = ProductMySQLGatewayTest, testInstance = com.adm.product.infrastructure.product.ProductMySQLGatewayTest@237d0625, testMethod = givenPrePersistedProducts_whenCallsFindAll_shouldReturnPaginated@ProductMySQLGatewayTest, testException = [null], mergedContextConfiguration = [MergedContextConfiguration@3f0846c6 testClass = ProductMySQLGatewayTest, locations = '{}', classes = '{class com.adm.product.infrastructure.Main}', contextInitializerClasses = '[]', activeProfiles = '{test}', propertySourceLocations = '{}', propertySourceProperties = '{org.springframework.boot.test.autoconfigure.orm.jpa.DataJpaTestContextBootstrapper=true}', contextCustomizers = set[org.springframework.boot.test.autoconfigure.OverrideAutoConfigurationContextCustomizerFactory$DisableAutoConfigurationContextCustomizer@3549bca9, org.springframework.boot.test.autoconfigure.actuate.metrics.MetricsExportContextCustomizerFactory$DisableMetricExportContextCustomizer@74bada02, org.springframework.boot.test.autoconfigure.filter.TypeExcludeFiltersContextCustomizer@351584c0, org.springframework.boot.test.autoconfigure.properties.PropertyMappingContextCustomizer@e4f47248, org.springframework.boot.test.autoconfigure.web.servlet.WebDriverContextCustomizerFactory$Customizer@2e2ff723, [ImportsContextCustomizer@77a98a6a key = [org.springframework.boot.autoconfigure.cache.CacheAutoConfiguration, org.springframework.boot.autoconfigure.data.jpa.JpaRepositoriesAutoConfiguration, org.springframework.boot.autoconfigure.flyway.FlywayAutoConfiguration, org.springframework.boot.autoconfigure.jdbc.DataSourceAutoConfiguration, org.springframework.boot.autoconfigure.jdbc.DataSourceTransactionManagerAutoConfiguration, org.springframework.boot.autoconfigure.jdbc.JdbcTemplateAutoConfiguration, org.springframework.boot.autoconfigure.liquibase.LiquibaseAutoConfiguration, org.springframework.boot.autoconfigure.orm.jpa.HibernateJpaAutoConfiguration, org.springframework.boot.autoconfigure.sql.init.SqlInitializationAutoConfiguration, org.springframework.boot.autoconfigure.transaction.TransactionAutoConfiguration, org.springframework.boot.test.autoconfigure.jdbc.TestDatabaseAutoConfiguration, org.springframework.boot.test.autoconfigure.orm.jpa.TestEntityManagerAutoConfiguration]], org.springframework.boot.test.context.filter.ExcludeFilterContextCustomizer@6179e425, org.springframework.boot.test.json.DuplicateJsonObjectContextCustomizerFactory$DuplicateJsonObjectContextCustomizer@67304a40, org.springframework.boot.test.mock.mockito.MockitoContextCustomizer@0, org.springframework.boot.test.context.SpringBootTestArgs@1, org.springframework.boot.test.context.SpringBootTestWebEnvironment@0], contextLoader = 'org.springframework.boot.test.context.SpringBootContextLoader', parent = [null]], attributes = map['org.springframework.test.context.event.ApplicationEventsTestExecutionListener.recordApplicationEvents' -> false]]
2025-07-09 14:28:43.228  INFO 99936 --- [    Test worker] o.s.t.c.transaction.TransactionContext   : Began transaction (1) for test context [DefaultTestContext@57459491 testClass = ProductMySQLGatewayTest, testInstance = com.adm.product.infrastructure.product.ProductMySQLGatewayTest@162e29a1, testMethod = givenAValidProductIdNotStored_whenCallsFindById_shouldReturnEmpty@ProductMySQLGatewayTest, testException = [null], mergedContextConfiguration = [MergedContextConfiguration@3f0846c6 testClass = ProductMySQLGatewayTest, locations = '{}', classes = '{class com.adm.product.infrastructure.Main}', contextInitializerClasses = '[]', activeProfiles = '{test}', propertySourceLocations = '{}', propertySourceProperties = '{org.springframework.boot.test.autoconfigure.orm.jpa.DataJpaTestContextBootstrapper=true}', contextCustomizers = set[org.springframework.boot.test.autoconfigure.OverrideAutoConfigurationContextCustomizerFactory$DisableAutoConfigurationContextCustomizer@3549bca9, org.springframework.boot.test.autoconfigure.actuate.metrics.MetricsExportContextCustomizerFactory$DisableMetricExportContextCustomizer@74bada02, org.springframework.boot.test.autoconfigure.filter.TypeExcludeFiltersContextCustomizer@351584c0, org.springframework.boot.test.autoconfigure.properties.PropertyMappingContextCustomizer@e4f47248, org.springframework.boot.test.autoconfigure.web.servlet.WebDriverContextCustomizerFactory$Customizer@2e2ff723, [ImportsContextCustomizer@77a98a6a key = [org.springframework.boot.autoconfigure.cache.CacheAutoConfiguration, org.springframework.boot.autoconfigure.data.jpa.JpaRepositoriesAutoConfiguration, org.springframework.boot.autoconfigure.flyway.FlywayAutoConfiguration, org.springframework.boot.autoconfigure.jdbc.DataSourceAutoConfiguration, org.springframework.boot.autoconfigure.jdbc.DataSourceTransactionManagerAutoConfiguration, org.springframework.boot.autoconfigure.jdbc.JdbcTemplateAutoConfiguration, org.springframework.boot.autoconfigure.liquibase.LiquibaseAutoConfiguration, org.springframework.boot.autoconfigure.orm.jpa.HibernateJpaAutoConfiguration, org.springframework.boot.autoconfigure.sql.init.SqlInitializationAutoConfiguration, org.springframework.boot.autoconfigure.transaction.TransactionAutoConfiguration, org.springframework.boot.test.autoconfigure.jdbc.TestDatabaseAutoConfiguration, org.springframework.boot.test.autoconfigure.orm.jpa.TestEntityManagerAutoConfiguration]], org.springframework.boot.test.context.filter.ExcludeFilterContextCustomizer@6179e425, org.springframework.boot.test.json.DuplicateJsonObjectContextCustomizerFactory$DuplicateJsonObjectContextCustomizer@67304a40, org.springframework.boot.test.mock.mockito.MockitoContextCustomizer@0, org.springframework.boot.test.context.SpringBootTestArgs@1, org.springframework.boot.test.context.SpringBootTestWebEnvironment@0], contextLoader = 'org.springframework.boot.test.context.SpringBootContextLoader', parent = [null]], attributes = map['org.springframework.test.context.event.ApplicationEventsTestExecutionListener.recordApplicationEvents' -> false]]; transaction manager [org.springframework.orm.jpa.JpaTransactionManager@45451333]; rollback [true]
Hibernate: select productjpa0_.id as id1_0_, productjpa0_.brand as brand2_0_, productjpa0_.description as descript3_0_, productjpa0_.name as name4_0_, productjpa0_.price as price5_0_ from product productjpa0_
Hibernate: delete from product where id=?
Hibernate: delete from product where id=?
Hibernate: delete from product where id=?
Hibernate: select count(*) as col_0_0_ from product productjpa0_
Hibernate: select productjpa0_.id as id1_0_0_, productjpa0_.brand as brand2_0_0_, productjpa0_.description as descript3_0_0_, productjpa0_.name as name4_0_0_, productjpa0_.price as price5_0_0_ from product productjpa0_ where productjpa0_.id=?
2025-07-09 14:28:43.264  INFO 99936 --- [    Test worker] i.StatisticalLoggingSessionEventListener : Session Metrics {
    777300 nanoseconds spent acquiring 1 JDBC connections;
    0 nanoseconds spent releasing 0 JDBC connections;
    2079800 nanoseconds spent preparing 6 JDBC statements;
    3788300 nanoseconds spent executing 6 JDBC statements;
    0 nanoseconds spent executing 0 JDBC batches;
    0 nanoseconds spent performing 0 L2C puts;
    0 nanoseconds spent performing 0 L2C hits;
    0 nanoseconds spent performing 0 L2C misses;
    0 nanoseconds spent executing 0 flushes (flushing a total of 0 entities and 0 collections);
    5232200 nanoseconds spent executing 2 partial-flushes (flushing a total of 3 entities and 3 collections)
}
2025-07-09 14:28:43.268  INFO 99936 --- [    Test worker] o.s.t.c.transaction.TransactionContext   : Rolled back transaction for test: [DefaultTestContext@57459491 testClass = ProductMySQLGatewayTest, testInstance = com.adm.product.infrastructure.product.ProductMySQLGatewayTest@162e29a1, testMethod = givenAValidProductIdNotStored_whenCallsFindById_shouldReturnEmpty@ProductMySQLGatewayTest, testException = [null], mergedContextConfiguration = [MergedContextConfiguration@3f0846c6 testClass = ProductMySQLGatewayTest, locations = '{}', classes = '{class com.adm.product.infrastructure.Main}', contextInitializerClasses = '[]', activeProfiles = '{test}', propertySourceLocations = '{}', propertySourceProperties = '{org.springframework.boot.test.autoconfigure.orm.jpa.DataJpaTestContextBootstrapper=true}', contextCustomizers = set[org.springframework.boot.test.autoconfigure.OverrideAutoConfigurationContextCustomizerFactory$DisableAutoConfigurationContextCustomizer@3549bca9, org.springframework.boot.test.autoconfigure.actuate.metrics.MetricsExportContextCustomizerFactory$DisableMetricExportContextCustomizer@74bada02, org.springframework.boot.test.autoconfigure.filter.TypeExcludeFiltersContextCustomizer@351584c0, org.springframework.boot.test.autoconfigure.properties.PropertyMappingContextCustomizer@e4f47248, org.springframework.boot.test.autoconfigure.web.servlet.WebDriverContextCustomizerFactory$Customizer@2e2ff723, [ImportsContextCustomizer@77a98a6a key = [org.springframework.boot.autoconfigure.cache.CacheAutoConfiguration, org.springframework.boot.autoconfigure.data.jpa.JpaRepositoriesAutoConfiguration, org.springframework.boot.autoconfigure.flyway.FlywayAutoConfiguration, org.springframework.boot.autoconfigure.jdbc.DataSourceAutoConfiguration, org.springframework.boot.autoconfigure.jdbc.DataSourceTransactionManagerAutoConfiguration, org.springframework.boot.autoconfigure.jdbc.JdbcTemplateAutoConfiguration, org.springframework.boot.autoconfigure.liquibase.LiquibaseAutoConfiguration, org.springframework.boot.autoconfigure.orm.jpa.HibernateJpaAutoConfiguration, org.springframework.boot.autoconfigure.sql.init.SqlInitializationAutoConfiguration, org.springframework.boot.autoconfigure.transaction.TransactionAutoConfiguration, org.springframework.boot.test.autoconfigure.jdbc.TestDatabaseAutoConfiguration, org.springframework.boot.test.autoconfigure.orm.jpa.TestEntityManagerAutoConfiguration]], org.springframework.boot.test.context.filter.ExcludeFilterContextCustomizer@6179e425, org.springframework.boot.test.json.DuplicateJsonObjectContextCustomizerFactory$DuplicateJsonObjectContextCustomizer@67304a40, org.springframework.boot.test.mock.mockito.MockitoContextCustomizer@0, org.springframework.boot.test.context.SpringBootTestArgs@1, org.springframework.boot.test.context.SpringBootTestWebEnvironment@0], contextLoader = 'org.springframework.boot.test.context.SpringBootContextLoader', parent = [null]], attributes = map['org.springframework.test.context.event.ApplicationEventsTestExecutionListener.recordApplicationEvents' -> false]]
2025-07-09 14:28:43.282  INFO 99936 --- [    Test worker] o.s.t.c.transaction.TransactionContext   : Began transaction (1) for test context [DefaultTestContext@57459491 testClass = ProductMySQLGatewayTest, testInstance = com.adm.product.infrastructure.product.ProductMySQLGatewayTest@15549dd7, testMethod = givenFollowPagination_whenCallsFindAllWithPage1_shouldReturnPaginated@ProductMySQLGatewayTest, testException = [null], mergedContextConfiguration = [MergedContextConfiguration@3f0846c6 testClass = ProductMySQLGatewayTest, locations = '{}', classes = '{class com.adm.product.infrastructure.Main}', contextInitializerClasses = '[]', activeProfiles = '{test}', propertySourceLocations = '{}', propertySourceProperties = '{org.springframework.boot.test.autoconfigure.orm.jpa.DataJpaTestContextBootstrapper=true}', contextCustomizers = set[org.springframework.boot.test.autoconfigure.OverrideAutoConfigurationContextCustomizerFactory$DisableAutoConfigurationContextCustomizer@3549bca9, org.springframework.boot.test.autoconfigure.actuate.metrics.MetricsExportContextCustomizerFactory$DisableMetricExportContextCustomizer@74bada02, org.springframework.boot.test.autoconfigure.filter.TypeExcludeFiltersContextCustomizer@351584c0, org.springframework.boot.test.autoconfigure.properties.PropertyMappingContextCustomizer@e4f47248, org.springframework.boot.test.autoconfigure.web.servlet.WebDriverContextCustomizerFactory$Customizer@2e2ff723, [ImportsContextCustomizer@77a98a6a key = [org.springframework.boot.autoconfigure.cache.CacheAutoConfiguration, org.springframework.boot.autoconfigure.data.jpa.JpaRepositoriesAutoConfiguration, org.springframework.boot.autoconfigure.flyway.FlywayAutoConfiguration, org.springframework.boot.autoconfigure.jdbc.DataSourceAutoConfiguration, org.springframework.boot.autoconfigure.jdbc.DataSourceTransactionManagerAutoConfiguration, org.springframework.boot.autoconfigure.jdbc.JdbcTemplateAutoConfiguration, org.springframework.boot.autoconfigure.liquibase.LiquibaseAutoConfiguration, org.springframework.boot.autoconfigure.orm.jpa.HibernateJpaAutoConfiguration, org.springframework.boot.autoconfigure.sql.init.SqlInitializationAutoConfiguration, org.springframework.boot.autoconfigure.transaction.TransactionAutoConfiguration, org.springframework.boot.test.autoconfigure.jdbc.TestDatabaseAutoConfiguration, org.springframework.boot.test.autoconfigure.orm.jpa.TestEntityManagerAutoConfiguration]], org.springframework.boot.test.context.filter.ExcludeFilterContextCustomizer@6179e425, org.springframework.boot.test.json.DuplicateJsonObjectContextCustomizerFactory$DuplicateJsonObjectContextCustomizer@67304a40, org.springframework.boot.test.mock.mockito.MockitoContextCustomizer@0, org.springframework.boot.test.context.SpringBootTestArgs@1, org.springframework.boot.test.context.SpringBootTestWebEnvironment@0], contextLoader = 'org.springframework.boot.test.context.SpringBootContextLoader', parent = [null]], attributes = map['org.springframework.test.context.event.ApplicationEventsTestExecutionListener.recordApplicationEvents' -> false]]; transaction manager [org.springframework.orm.jpa.JpaTransactionManager@45451333]; rollback [true]
Hibernate: select productjpa0_.id as id1_0_, productjpa0_.brand as brand2_0_, productjpa0_.description as descript3_0_, productjpa0_.name as name4_0_, productjpa0_.price as price5_0_ from product productjpa0_
Hibernate: select count(*) as col_0_0_ from product productjpa0_
Hibernate: select productjpa0_.id as id1_0_0_, productjpa0_.brand as brand2_0_0_, productjpa0_.description as descript3_0_0_, productjpa0_.name as name4_0_0_, productjpa0_.price as price5_0_0_ from product productjpa0_ where productjpa0_.id=?
Hibernate: select productjpa0_.id as id1_0_0_, productjpa0_.brand as brand2_0_0_, productjpa0_.description as descript3_0_0_, productjpa0_.name as name4_0_0_, productjpa0_.price as price5_0_0_ from product productjpa0_ where productjpa0_.id=?
Hibernate: select productjpa0_.id as id1_0_0_, productjpa0_.brand as brand2_0_0_, productjpa0_.description as descript3_0_0_, productjpa0_.name as name4_0_0_, productjpa0_.price as price5_0_0_ from product productjpa0_ where productjpa0_.id=?
Hibernate: insert into product (brand, description, name, price, id) values (?, ?, ?, ?, ?)
Hibernate: insert into product (brand, description, name, price, id) values (?, ?, ?, ?, ?)
Hibernate: insert into product (brand, description, name, price, id) values (?, ?, ?, ?, ?)
Hibernate: select count(*) as col_0_0_ from product productjpa0_
Hibernate: select productjpa0_.id as id1_0_, productjpa0_.brand as brand2_0_, productjpa0_.description as descript3_0_, productjpa0_.name as name4_0_, productjpa0_.price as price5_0_ from product productjpa0_ order by productjpa0_.name asc limit ?
Hibernate: select count(productjpa0_.id) as col_0_0_ from product productjpa0_
Name: Aspire 5 Id: 3e01fd28-212b-43a9-8495-16d0808b88a2
Id: 3e01fd28-212b-43a9-8495-16d0808b88a2
Id laptop: 3e01fd28-212b-43a9-8495-16d0808b88a2
Hibernate: select productjpa0_.id as id1_0_, productjpa0_.brand as brand2_0_, productjpa0_.description as descript3_0_, productjpa0_.name as name4_0_, productjpa0_.price as price5_0_ from product productjpa0_ order by productjpa0_.name asc limit ?, ?
Hibernate: select count(productjpa0_.id) as col_0_0_ from product productjpa0_
Hibernate: select productjpa0_.id as id1_0_, productjpa0_.brand as brand2_0_, productjpa0_.description as descript3_0_, productjpa0_.name as name4_0_, productjpa0_.price as price5_0_ from product productjpa0_ order by productjpa0_.name asc limit ?, ?
Hibernate: select count(productjpa0_.id) as col_0_0_ from product productjpa0_
2025-07-09 14:28:43.377  INFO 99936 --- [    Test worker] i.StatisticalLoggingSessionEventListener : Session Metrics {
    2182101 nanoseconds spent acquiring 1 JDBC connections;
    0 nanoseconds spent releasing 0 JDBC connections;
    8589501 nanoseconds spent preparing 15 JDBC statements;
    10999701 nanoseconds spent executing 15 JDBC statements;
    0 nanoseconds spent executing 0 JDBC batches;
    0 nanoseconds spent performing 0 L2C puts;
    0 nanoseconds spent performing 0 L2C hits;
    0 nanoseconds spent performing 0 L2C misses;
    0 nanoseconds spent executing 0 flushes (flushing a total of 0 entities and 0 collections);
    14132501 nanoseconds spent executing 9 partial-flushes (flushing a total of 21 entities and 21 collections)
}
2025-07-09 14:28:43.379  INFO 99936 --- [    Test worker] o.s.t.c.transaction.TransactionContext   : Rolled back transaction for test: [DefaultTestContext@57459491 testClass = ProductMySQLGatewayTest, testInstance = com.adm.product.infrastructure.product.ProductMySQLGatewayTest@15549dd7, testMethod = givenFollowPagination_whenCallsFindAllWithPage1_shouldReturnPaginated@ProductMySQLGatewayTest, testException = [null], mergedContextConfiguration = [MergedContextConfiguration@3f0846c6 testClass = ProductMySQLGatewayTest, locations = '{}', classes = '{class com.adm.product.infrastructure.Main}', contextInitializerClasses = '[]', activeProfiles = '{test}', propertySourceLocations = '{}', propertySourceProperties = '{org.springframework.boot.test.autoconfigure.orm.jpa.DataJpaTestContextBootstrapper=true}', contextCustomizers = set[org.springframework.boot.test.autoconfigure.OverrideAutoConfigurationContextCustomizerFactory$DisableAutoConfigurationContextCustomizer@3549bca9, org.springframework.boot.test.autoconfigure.actuate.metrics.MetricsExportContextCustomizerFactory$DisableMetricExportContextCustomizer@74bada02, org.springframework.boot.test.autoconfigure.filter.TypeExcludeFiltersContextCustomizer@351584c0, org.springframework.boot.test.autoconfigure.properties.PropertyMappingContextCustomizer@e4f47248, org.springframework.boot.test.autoconfigure.web.servlet.WebDriverContextCustomizerFactory$Customizer@2e2ff723, [ImportsContextCustomizer@77a98a6a key = [org.springframework.boot.autoconfigure.cache.CacheAutoConfiguration, org.springframework.boot.autoconfigure.data.jpa.JpaRepositoriesAutoConfiguration, org.springframework.boot.autoconfigure.flyway.FlywayAutoConfiguration, org.springframework.boot.autoconfigure.jdbc.DataSourceAutoConfiguration, org.springframework.boot.autoconfigure.jdbc.DataSourceTransactionManagerAutoConfiguration, org.springframework.boot.autoconfigure.jdbc.JdbcTemplateAutoConfiguration, org.springframework.boot.autoconfigure.liquibase.LiquibaseAutoConfiguration, org.springframework.boot.autoconfigure.orm.jpa.HibernateJpaAutoConfiguration, org.springframework.boot.autoconfigure.sql.init.SqlInitializationAutoConfiguration, org.springframework.boot.autoconfigure.transaction.TransactionAutoConfiguration, org.springframework.boot.test.autoconfigure.jdbc.TestDatabaseAutoConfiguration, org.springframework.boot.test.autoconfigure.orm.jpa.TestEntityManagerAutoConfiguration]], org.springframework.boot.test.context.filter.ExcludeFilterContextCustomizer@6179e425, org.springframework.boot.test.json.DuplicateJsonObjectContextCustomizerFactory$DuplicateJsonObjectContextCustomizer@67304a40, org.springframework.boot.test.mock.mockito.MockitoContextCustomizer@0, org.springframework.boot.test.context.SpringBootTestArgs@1, org.springframework.boot.test.context.SpringBootTestWebEnvironment@0], contextLoader = 'org.springframework.boot.test.context.SpringBootContextLoader', parent = [null]], attributes = map['org.springframework.test.context.event.ApplicationEventsTestExecutionListener.recordApplicationEvents' -> false]]
2025-07-09 14:28:43.390  INFO 99936 --- [    Test worker] o.s.t.c.transaction.TransactionContext   : Began transaction (1) for test context [DefaultTestContext@57459491 testClass = ProductMySQLGatewayTest, testInstance = com.adm.product.infrastructure.product.ProductMySQLGatewayTest@7263b0c4, testMethod = givenPrePersistedProductsAndIphAsTerms_whenCallsFindAllAndMatchsProductName_shouldReturnPaginated@ProductMySQLGatewayTest, testException = [null], mergedContextConfiguration = [MergedContextConfiguration@3f0846c6 testClass = ProductMySQLGatewayTest, locations = '{}', classes = '{class com.adm.product.infrastructure.Main}', contextInitializerClasses = '[]', activeProfiles = '{test}', propertySourceLocations = '{}', propertySourceProperties = '{org.springframework.boot.test.autoconfigure.orm.jpa.DataJpaTestContextBootstrapper=true}', contextCustomizers = set[org.springframework.boot.test.autoconfigure.OverrideAutoConfigurationContextCustomizerFactory$DisableAutoConfigurationContextCustomizer@3549bca9, org.springframework.boot.test.autoconfigure.actuate.metrics.MetricsExportContextCustomizerFactory$DisableMetricExportContextCustomizer@74bada02, org.springframework.boot.test.autoconfigure.filter.TypeExcludeFiltersContextCustomizer@351584c0, org.springframework.boot.test.autoconfigure.properties.PropertyMappingContextCustomizer@e4f47248, org.springframework.boot.test.autoconfigure.web.servlet.WebDriverContextCustomizerFactory$Customizer@2e2ff723, [ImportsContextCustomizer@77a98a6a key = [org.springframework.boot.autoconfigure.cache.CacheAutoConfiguration, org.springframework.boot.autoconfigure.data.jpa.JpaRepositoriesAutoConfiguration, org.springframework.boot.autoconfigure.flyway.FlywayAutoConfiguration, org.springframework.boot.autoconfigure.jdbc.DataSourceAutoConfiguration, org.springframework.boot.autoconfigure.jdbc.DataSourceTransactionManagerAutoConfiguration, org.springframework.boot.autoconfigure.jdbc.JdbcTemplateAutoConfiguration, org.springframework.boot.autoconfigure.liquibase.LiquibaseAutoConfiguration, org.springframework.boot.autoconfigure.orm.jpa.HibernateJpaAutoConfiguration, org.springframework.boot.autoconfigure.sql.init.SqlInitializationAutoConfiguration, org.springframework.boot.autoconfigure.transaction.TransactionAutoConfiguration, org.springframework.boot.test.autoconfigure.jdbc.TestDatabaseAutoConfiguration, org.springframework.boot.test.autoconfigure.orm.jpa.TestEntityManagerAutoConfiguration]], org.springframework.boot.test.context.filter.ExcludeFilterContextCustomiz
[...]
Hibernate: delete from product where id=?
Hibernate: delete from product where id=?
Hibernate: delete from product where id=?
Hibernate: select count(*) as col_0_0_ from product productjpa0_
Hibernate: select productjpa0_.id as id1_0_0_, productjpa0_.brand as brand2_0_0_, productjpa0_.description as descript3_0_0_, productjpa0_.name as name4_0_0_, productjpa0_.price as price5_0_0_ from product productjpa0_ where productjpa0_.id=?
Hibernate: insert into product (brand, description, name, price, id) values (?, ?, ?, ?, ?)
Hibernate: select count(*) as col_0_0_ from product productjpa0_
Hibernate: select count(*) as col_0_0_ from product productjpa0_
2025-07-09 14:28:43.497  INFO 99936 --- [    Test worker] i.StatisticalLoggingSessionEventListener : Session Metrics {
    1149600 nanoseconds spent acquiring 1 JDBC connections;
    0 nanoseconds spent releasing 0 JDBC connections;
    3440000 nanoseconds spent preparing 9 JDBC statements;
    5458000 nanoseconds spent executing 9 JDBC statements;
    0 nanoseconds spent executing 0 JDBC batches;
    0 nanoseconds spent performing 0 L2C puts;
    0 nanoseconds spent performing 0 L2C hits;
    0 nanoseconds spent performing 0 L2C misses;
    4410701 nanoseconds spent executing 1 flushes (flushing a total of 1 entities and 0 collections);
    5508600 nanoseconds spent executing 4 partial-flushes (flushing a total of 5 entities and 5 collections)
}
2025-07-09 14:28:43.498  INFO 99936 --- [    Test worker] o.s.t.c.transaction.TransactionContext   : Rolled back transaction for test: [DefaultTestContext@57459491 testClass = ProductMySQLGatewayTest, testInstance = com.adm.product.infrastructure.product.ProductMySQLGatewayTest@15c3849f, testMethod = givenAPrePersistedProductAndValidProductId_whenCallsFindById_shouldReturnProduct@ProductMySQLGatewayTest, testException = [null], mergedContextConfiguration = [MergedContextConfiguration@3f0846c6 testClass = ProductMySQLGatewayTest, locations = '{}', classes = '{class com.adm.product.infrastructure.Main}', contextInitializerClasses = '[]', activeProfiles = '{test}', propertySourceLocations = '{}', propertySourceProperties = '{org.springframework.boot.test.autoconfigure.orm.jpa.DataJpaTestContextBootstrapper=true}', contextCustomizers = set[org.springframework.boot.test.autoconfigure.OverrideAutoConfigurationContextCustomizerFactory$DisableAutoConfigurationContextCustomizer@3549bca9, org.springframework.boot.test.autoconfigure.actuate.metrics.MetricsExportContextCustomizerFactory$DisableMetricExportContextCustomizer@74bada02, org.springframework.boot.test.autoconfigure.filter.TypeExcludeFiltersContextCustomizer@351584c0, org.springframework.boot.test.autoconfigure.properties.PropertyMappingContextCustomizer@e4f47248, org.springframework.boot.test.autoconfigure.web.servlet.WebDriverContextCustomizerFactory$Customizer@2e2ff723, [ImportsContextCustomizer@77a98a6a key = [org.springframework.boot.autoconfigure.cache.CacheAutoConfiguration, org.springframework.boot.autoconfigure.data.jpa.JpaRepositoriesAutoConfiguration, org.springframework.boot.autoconfigure.flyway.FlywayAutoConfiguration, org.springframework.boot.autoconfigure.jdbc.DataSourceAutoConfiguration, org.springframework.boot.autoconfigure.jdbc.DataSourceTransactionManagerAutoConfiguration, org.springframework.boot.autoconfigure.jdbc.JdbcTemplateAutoConfiguration, org.springframework.boot.autoconfigure.liquibase.LiquibaseAutoConfiguration, org.springframework.boot.autoconfigure.orm.jpa.HibernateJpaAutoConfiguration, org.springframework.boot.autoconfigure.sql.init.SqlInitializationAutoConfiguration, org.springframework.boot.autoconfigure.transaction.TransactionAutoConfiguration, org.springframework.boot.test.autoconfigure.jdbc.TestDatabaseAutoConfiguration, org.springframework.boot.test.autoconfigure.orm.jpa.TestEntityManagerAutoConfiguration]], org.springframework.boot.test.context.filter.ExcludeFilterContextCustomizer@6179e425, org.springframework.boot.test.json.DuplicateJsonObjectContextCustomizerFactory$DuplicateJsonObjectContextCustomizer@67304a40, org.springframework.boot.test.mock.mockito.MockitoContextCustomizer@0, org.springframework.boot.test.context.SpringBootTestArgs@1, org.springframework.boot.test.context.SpringBootTestWebEnvironment@0], contextLoader = 'org.springframework.boot.test.context.SpringBootContextLoader', parent = [null]], attributes = map['org.springframework.test.context.event.ApplicationEventsTestExecutionListener.recordApplicationEvents' -> false]]
2025-07-09 14:28:43.507  INFO 99936 --- [    Test worker] o.s.t.c.transaction.TransactionContext   : Began transaction (1) for test context [DefaultTestContext@57459491 testClass = ProductMySQLGatewayTest, testInstance = com.adm.product.infrastructure.product.ProductMySQLGatewayTest@55cc4c61, testMethod = givenAInvalidProductId_whenTryToDeleteIt_shouldDeleteProduct@ProductMySQLGatewayTest, testException = [null], mergedContextConfiguration = [MergedContextConfiguration@3f0846c6 testClass = ProductMySQLGatewayTest, locations = '{}', classes = '{class com.adm.product.infrastructure.Main}', contextInitializerClasses = '[]', activeProfiles = '{test}', propertySourceLocations = '{}', propertySourceProperties = '{org.springframework.boot.test.autoconfigure.orm.jpa.DataJpaTestContextBootstrapper=true}', contextCustomizers = set[org.springframework.boot.test.autoconfigure.OverrideAutoConfigurationContextCustomizerFactory$DisableAutoConfigurationContextCustomizer@3549bca9, org.springframework.boot.test.autoconfigure.actuate.metrics.MetricsExportContextCustomizerFactory$DisableMetricExportContextCustomizer@74bada02, org.springframework.boot.test.autoconfigure.filter.TypeExcludeFiltersContextCustomizer@351584c0, org.springframework.boot.test.autoconfigure.properties.PropertyMappingContextCustomizer@e4f47248, org.springframework.boot.test.autoconfigure.web.servlet.WebDriverContextCustomizerFactory$Customizer@2e2ff723, [ImportsContextCustomizer@77a98a6a key = [org.springframework.boot.autoconfigure.cache.CacheAutoConfiguration, org.springframework.boot.autoconfigure.data.jpa.JpaRepositoriesAutoConfiguration, org.springframework.boot.autoconfigure.flyway.FlywayAutoConfiguration, org.springframework.boot.autoconfigure.jdbc.DataSourceAutoConfiguration, org.springframework.boot.autoconfigure.jdbc.DataSourceTransactionManagerAutoConfiguration, org.springframework.boot.autoconfigure.jdbc.JdbcTemplateAutoConfiguration, org.springframework.boot.autoconfigure.liquibase.LiquibaseAutoConfiguration, org.springframework.boot.autoconfigure.orm.jpa.HibernateJpaAutoConfiguration, org.springframework.boot.autoconfigure.sql.init.SqlInitializationAutoConfiguration, org.springframework.boot.autoconfigure.transaction.TransactionAutoConfiguration, org.springframework.boot.test.autoconfigure.jdbc.TestDatabaseAutoConfiguration, org.springframework.boot.test.autoconfigure.orm.jpa.TestEntityManagerAutoConfiguration]], org.springframework.boot.test.context.filter.ExcludeFilterContextCustomizer@6179e425, org.springframework.boot.test.json.DuplicateJsonObjectContextCustomizerFactory$DuplicateJsonObjectContextCustomizer@67304a40, org.springframework.boot.test.mock.mockito.MockitoContextCustomizer@0, org.springframework.boot.test.context.SpringBootTestArgs@1, org.springframework.boot.test.context.SpringBootTestWebEnvironment@0], contextLoader = 'org.springframework.boot.test.context.SpringBootContextLoader', parent = [null]], attributes = map['org.springframework.test.context.event.ApplicationEventsTestExecutionListener.recordApplicationEvents' -> false]]; transaction manager [org.springframework.orm.jpa.JpaTransactionManager@45451333]; rollback [true]
Hibernate: select productjpa0_.id as id1_0_, productjpa0_.brand as brand2_0_, productjpa0_.description as descript3_0_, productjpa0_.name as name4_0_, productjpa0_.price as price5_0_ from product productjpa0_
Hibernate: delete from product where id=?
Hibernate: select count(*) as col_0_0_ from product productjpa0_
Hibernate: select count(*) as col_0_0_ from product productjpa0_ where productjpa0_.id=?
Hibernate: select count(*) as col_0_0_ from product productjpa0_
2025-07-09 14:28:43.533  INFO 99936 --- [    Test worker] i.StatisticalLoggingSessionEventListener : Session Metrics {
    576200 nanoseconds spent acquiring 1 JDBC connections;
    0 nanoseconds spent releasing 0 JDBC connections;
    2231300 nanoseconds spent preparing 5 JDBC statements;
    2027600 nanoseconds spent executing 5 JDBC statements;
    0 nanoseconds spent executing 0 JDBC batches;
    0 nanoseconds spent performing 0 L2C puts;
    0 nanoseconds spent performing 0 L2C hits;
    0 nanoseconds spent performing 0 L2C misses;
    0 nanoseconds spent executing 0 flushes (flushing a total of 0 entities and 0 collections);
    1892400 nanoseconds spent executing 4 partial-flushes (flushing a total of 1 entities and 1 collections)
}
2025-07-09 14:28:43.535  INFO 99936 --- [    Test worker] o.s.t.c.transaction.TransactionContext   : Rolled back transaction for test: [DefaultTestContext@57459491 testClass = ProductMySQLGatewayTest, testInstance = com.adm.product.infrastructure.product.ProductMySQLGatewayTest@55cc4c61, testMethod = givenAInvalidProductId_whenTryToDeleteIt_shouldDeleteProduct@ProductMySQLGatewayTest, testException = [null], mergedContextConfiguration = [MergedContextConfiguration@3f0846c6 testClass = ProductMySQLGatewayTest, locations = '{}', classes = '{class com.adm.product.infrastructure.Main}', contextInitializerClasses = '[]', activeProfiles = '{test}', propertySourceLocations = '{}', propertySourceProperties = '{org.springframework.boot.test.autoconfigure.orm.jpa.DataJpaTestContextBootstrapper=true}', contextCustomizers = set[org.springframework.boot.test.autoconfigure.OverrideAutoConfigurationContextCustomizerFactory$DisableAutoConfigurationContextCustomizer@3549bca9, org.springframework.boot.test.autoconfigure.actuate.metrics.MetricsExportContextCustomizerFactory$DisableMetricExportContextCustomizer@74bada02, org.springframework.boot.test.autoconfigure.filter.TypeExcludeFiltersContextCustomizer@351584c0, org.springframework.boot.test.autoconfigure.properties.PropertyMappingContextCustomizer@e4f47248, org.springframework.boot.test.autoconfigure.web.servlet.WebDriverContextCustomizerFactory$Customizer@2e2ff723, [ImportsContextCustomizer@77a98a6a key = [org.springframework.boot.autoconfigure.cache.CacheAutoConfiguration, org.springframework.boot.autoconfigure.data.jpa.JpaRepositoriesAutoConfiguration, org.springframework.boot.autoconfigure.flyway.FlywayAutoConfiguration, org.springframework.boot.autoconfigure.jdbc.DataSourceAutoConfiguration, org.springframework.boot.autoconfigure.jdbc.DataSourceTransactionManagerAutoConfiguration, org.springframework.boot.autoconfigure.jdbc.JdbcTemplateAutoConfiguration, org.springframework.boot.autoconfigure.liquibase.LiquibaseAutoConfiguration, org.springframework.boot.autoconfigure.orm.jpa.HibernateJpaAutoConfiguration, org.springframework.boot.autoconfigure.sql.init.SqlInitializationAutoConfiguration, org.springframework.boot.autoconfigure.transaction.TransactionAutoConfiguration, org.springframework.boot.test.autoconfigure.jdbc.TestDatabaseAutoConfiguration, org.springframework.boot.test.autoconfigure.orm.jpa.TestEntityManagerAutoConfiguration]], org.springframework.boot.test.context.filter.ExcludeFilterContextCustomizer@6179e425, org.springframework.boot.test.json.DuplicateJsonObjectContextCustomizerFactory$DuplicateJsonObjectContextCustomizer@67304a40, org.springframework.boot.test.mock.mockito.MockitoContextCustomizer@0, org.springframework.boot.test.context.SpringBootTestArgs@1, org.springframework.boot.test.context.SpringBootTestWebEnvironment@0], contextLoader = 'org.springframework.boot.test.context.SpringBootContextLoader', parent = [null]], attributes = map['org.springframework.test.context.event.ApplicationEventsTestExecutionListener.recordApplicationEvents' -> false]]
2025-07-09 14:28:43.546  INFO 99936 --- [    Test worker] o.s.t.c.transaction.TransactionContext   : Began transaction (1) for test context [DefaultTestContext@57459491 testClass = ProductMySQLGatewayTest, testInstance = com.adm.product.infrastructure.product.ProductMySQLGatewayTest@630febd7, testMethod = givenAPrePersistedProductAndValidProductId_whenTryToDeleteIt_shouldDeleteProduct@ProductMySQLGatewayTest, testException = [null], mergedContextConfiguration = [MergedContextConfiguration@3f0846c6 testClass = ProductMySQLGatewayTest, locations = '{}', classes = '{class com.adm.product.infrastructure.Main}', contextInitializerClasses = '[]', activeProfiles = '{test}', propertySourceLocations = '{}', propertySourceProperties = '{org.springframework.boot.test.autoconfigure.orm.jpa.DataJpaTestContextBootstrapper=true}', contextCustomizers = set[org.springframework.boot.test.autoconfigure.OverrideAutoConfigurationContextCustomizerFactory$DisableAutoConfigurationContextCustomizer@3549bca9, org.springframework.boot.test.autoconfigure.actuate.metrics.MetricsExportContextCustomizerFactory$DisableMetricExportContextCustomizer@74bada02, org.springframework.boot.test.autoconfigure.filter.TypeExcludeFiltersContextCustomizer@351584c0, org.springframework.boot.test.autoconfigure.properties.PropertyMappingContextCustomizer@e4f47248, org.springframework.boot.test.autoconfigure.web.servlet.WebDriverContextCustomizerFactory$Customizer@2e2ff723, [ImportsContextCustomizer@77a98a6a key = [org.springframework.boot.autoconfigure.cache.CacheAutoConfiguration, org.springframework.boot.autoconfigure.data.jpa.JpaRepositoriesAutoConfiguration, org.springframework.boot.autoconfigure.flyway.FlywayAutoConfiguration, org.springframework.boot.autoconfigure.jdbc.DataSourceAutoConfiguration, org.springframework.boot.autoconfigure.jdbc.DataSourceTransactionManagerAutoConfiguration, org.springframework.boot.autoconfigure.jdbc.JdbcTemplateAutoConfiguration, org.springframework.boot.autoconfigure.liquibase.LiquibaseAutoConfiguration, org.springframework.boot.autoconfigure.orm.jpa.HibernateJpaAutoConfiguration, org.springframework.boot.autoconfigure.sql.init.SqlInitializationAutoConfiguration, org.springframework.boot.autoconfigure.transaction.TransactionAutoConfiguration, org.springframework.boot.test.autoconfigure.jdbc.TestDatabaseAutoConfiguration, org.springframework.boot.test.autoconfigure.orm.jpa.TestEntityManagerAutoConfiguration]], org.springframework.boot.test.context.filter.ExcludeFilterContextCustomizer@6179e425, org.springframework.boot.test.json.DuplicateJsonObjectContextCustomizerFactory$DuplicateJsonObjectContextCustomizer@67304a40, org.springframework.boot.test.mock.mockito.MockitoContextCustomizer@0, org.springframework.boot.test.context.SpringBootTestArgs@1, org.springframework.boot.test.context.SpringBootTestWebEnvironment@0], contextLoader = 'org.springframework.boot.test.context.SpringBootContextLoader', parent = [null]], attributes = map['org.springframework.test.context.event.ApplicationEventsTestExecutionListener.recordApplicationEvents' -> false]]; transaction manager [org.springframework.orm.jpa.JpaTransactionManager@45451333]; rollback [true]
Hibernate: select productjpa0_.id as id1_0_, productjpa0_.brand as brand2_0_, productjpa0_.description as descript3_0_, productjpa0_.name as name4_0_, productjpa0_.price as price5_0_ from product productjpa0_
Hibernate: select count(*) as col_0_0_ from product productjpa0_
Hibernate: select productjpa0_.id as id1_0_0_, productjpa0_.brand as brand2_0_0_, productjpa0_.description as descript3_0_0_, productjpa0_.name as name4_0_0_, productjpa0_.price as price5_0_0_ from product productjpa0_ where productjpa0_.id=?
Hibernate: insert into product (brand, description, name, price, id) values (?, ?, ?, ?, ?)
Hibernate: select count(*) as col_0_0_ from product productjpa0_
Hibernate: select count(*) as col_0_0_ from product productjpa0_ where productjpa0_.id=?
Hibernate: delete from product where id=?
Hibernate: select count(*) as col_0_0_ from product productjpa0_
2025-07-09 14:28:43.594  INFO 99936 --- [    Test worker] i.StatisticalLoggingSessionEventListener : Session Metrics {
    872900 nanoseconds spent acquiring 1 JDBC connections;
    0 nanoseconds spent releasing 0 JDBC connections;
    3944400 nanoseconds spent preparing 8 JDBC statements;
    5839001 nanoseconds spent executing 8 JDBC statements;
    0 nanoseconds spent executing 0 JDBC batches;
    0 nanoseconds spent performing 0 L2C puts;
    0 nanoseconds spent performing 0 L2C hits;
    0 nanoseconds spent performing 0 L2C misses;
    2702801 nanoseconds spent executing 1 flushes (flushing a total of 1 entities and 0 collections);
    3857501 nanoseconds spent executing 5 partial-flushes (flushing a total of 3 entities and 3 collections)
}
2025-07-09 14:28:43.596  INFO 99936 --- [    Test worker] o.s.t.c.transaction.TransactionContext   : Rolled back transaction for test: [DefaultTestContext@57459491 testClass = ProductMySQLGatewayTest, testInstance = com.adm.product.infrastructure.product.ProductMySQLGatewayTest@630febd7, testMethod = givenAPrePersistedProductAndValidProductId_whenTryToDeleteIt_shouldDeleteProduct@ProductMySQLGatewayTest, testException = [null], mergedContextConfiguration = [MergedContextConfiguration@3f0846c6 testClass = ProductMySQLGatewayTest, locations = '{}', classes = '{class com.adm.product.infrastructure.Main}', contextInitializerClasses = '[]', activeProfiles = '{test}', propertySourceLocations = '{}', propertySourceProperties = '{org.springframework.boot.test.autoconfigure.orm.jpa.DataJpaTestContextBootstrapper=true}', contextCustomizers = set[org.springframework.boot.test.autoconfigure.OverrideAutoConfigurationContextCustomizerFactory$DisableAutoConfigurationContextCustomizer@3549bca9, org.springframework.boot.test.autoconfigure.actuate.metrics.MetricsExportContextCustomizerFactory$DisableMetricExportContextCustomizer@74bada02, org.springframework.boot.test.autoconfigure.filter.TypeExcludeFiltersContextCustomizer@351584c0, org.springframework.boot.test.autoconfigure.properties.PropertyMappingContextCustomizer@e4f47248, org.springframework.boot.test.autoconfigure.web.servlet.WebDriverContextCustomizerFactory$Customizer@2e2ff723, [ImportsContextCustomizer@77a98a6a key = [org.springframework.boot.autoconfigure.cache.CacheAutoConfiguration, org.springframework.boot.autoconfigure.data.jpa.JpaRepositoriesAutoConfiguration, org.springframework.boot.autoconfigure.flyway.FlywayAutoConfiguration, org.springframework.boot.autoconfigure.jdbc.DataSourceAutoConfiguration, org.springframework.boot.autoconfigure.jdbc.DataSourceTransactionManagerAutoConfiguration, org.springframework.boot.autoconfigure.jdbc.JdbcTemplateAutoConfiguration, org.springframework.boot.autoconfigure.liquibase.LiquibaseAutoConfiguration, org.springframework.boot.autoconfigure.orm.jpa.HibernateJpaAutoConfiguration, org.springframework.boot.autoconfigure.sql.init.SqlInitializationAutoConfiguration, org.springframework.boot.autoconfigure.transaction.TransactionAutoConfiguration, org.springframework.boot.test.autoconfigure.jdbc.TestDatabaseAutoConfiguration, org.springframework.boot.test.autoconfigure.orm.jpa.TestEntityManagerAutoConfiguration]], org.springframework.boot.test.context.filter.ExcludeFilterContextCustomizer@6179e425, org.springframework.boot.test.json.DuplicateJsonObjectContextCustomizerFactory$DuplicateJsonObjectContextCustomizer@67304a40, org.springframework.boot.test.mock.mockito.MockitoContextCustomizer@0, org.springframework.boot.test.context.SpringBootTestArgs@1, org.springframework.boot.test.context.SpringBootTestWebEnvironment@0], contextLoader = 'org.springframework.boot.test.context.SpringBootContextLoader', parent = [null]], attributes = map['org.springframework.test.context.event.ApplicationEventsTestExecutionListener.recordApplicationEvents' -> false]]
]]></system-out>
  <system-err><![CDATA[]]></system-err>
</testsuite>
